#
# There is insufficient memory for the Java Runtime Environment to continue.
# Native memory allocation (malloc) failed to allocate 1039216 bytes for Chunk::new
# Possible reasons:
#   The system is out of physical RAM or swap space
#   The process is running with CompressedOops enabled, and the Java Heap may be blocking the growth of the native heap
# Possible solutions:
#   Reduce memory load on the system
#   Increase physical memory or swap space
#   Check if swap backing store is full
#   Decrease Java heap size (-Xmx/-Xms)
#   Decrease number of Java threads
#   Decrease Java thread stack sizes (-Xss)
#   Set larger code cache with -XX:ReservedCodeCacheSize=
#   JVM is running with Unscaled Compressed Oops mode in which the Java heap is
#     placed in the first 4GB address space. The Java Heap base address is the
#     maximum limit for the native heap growth. Please use -XX:HeapBaseMinAddress
#     to set the Java Heap base and to place the Java Heap above 4GB virtual address.
# This output file may be truncated or incomplete.
#
#  Out of Memory Error (./src/hotspot/share/memory/arena.cpp:197), pid=13884, tid=644
#
# JRE version: OpenJDK Runtime Environment (11.0.13) (build 11.0.13+0-b1751.21-8125866)
# Java VM: OpenJDK 64-Bit Server VM (11.0.13+0-b1751.21-8125866, mixed mode, tiered, compressed oops, g1 gc, windows-amd64)
# No core dump will be written. Minidumps are not enabled by default on client versions of Windows
#

---------------  S U M M A R Y ------------

Command Line: --add-opens=java.base/java.util=ALL-UNNAMED --add-opens=java.base/java.lang=ALL-UNNAMED --add-opens=java.base/java.lang.invoke=ALL-UNNAMED --add-opens=java.prefs/java.util.prefs=ALL-UNNAMED -Xmx2048m -Dfile.encoding=UTF-8 -Duser.country=GB -Duser.language=en -Duser.variant org.gradle.launcher.daemon.bootstrap.GradleDaemon 6.7.1

Host: AMD Ryzen 5 5600H with Radeon Graphics         , 12 cores, 15G,  Windows 11 , 64 bit Build 22000 (10.0.22000.708)
Time: Wed Dec 21 22:22:47 2022 SE Asia Standard Time elapsed time: 282.422719 seconds (0d 0h 4m 42s)

---------------  T H R E A D  ---------------

Current thread (0x000001f7f2a31000):  JavaThread "C2 CompilerThread0" daemon [_thread_in_native, id=644, stack(0x000000ab38800000,0x000000ab38900000)]


Current CompileTask:
C2: 282422 11434       4       org.gradle.internal.instantiation.generator.AbstractClassGenerator::inspectType (560 bytes)

Stack: [0x000000ab38800000,0x000000ab38900000]
Native frames: (J=compiled Java code, j=interpreted, Vv=VM code, C=native code)
V  [jvm.dll+0x6100fa]
V  [jvm.dll+0x747090]
V  [jvm.dll+0x7486ad]
V  [jvm.dll+0x748d83]
V  [jvm.dll+0x24ab48]
V  [jvm.dll+0xc04dc]
V  [jvm.dll+0xc0a0c]
V  [jvm.dll+0x2bfab4]
V  [jvm.dll+0x524238]
V  [jvm.dll+0x204a21]
V  [jvm.dll+0x2023c2]
V  [jvm.dll+0x188e01]
V  [jvm.dll+0x21106b]
V  [jvm.dll+0x20f8c1]
V  [jvm.dll+0x70de0f]
V  [jvm.dll+0x706a75]
V  [jvm.dll+0x60ed66]
C  [ucrtbase.dll+0x26c0c]
C  [KERNEL32.DLL+0x154e0]
C  [ntdll.dll+0x485b]


---------------  P R O C E S S  ---------------

Threads class SMR info:
_java_thread_list=0x000001f7f5d2d220, length=56, elements={
0x000001f7d77ee800, 0x000001f7f29cd000, 0x000001f7f29d6000, 0x000001f7f2a2d800,
0x000001f7f2a2e800, 0x000001f7f2a2f800, 0x000001f7f2a31000, 0x000001f7f2a3f800,
0x000001f7f2a43000, 0x000001f7f2bc7800, 0x000001f7f4ba6800, 0x000001f7f2d55800,
0x000001f7f4b3f800, 0x000001f7f5596800, 0x000001f7f5592000, 0x000001f7f5593000,
0x000001f7f549b800, 0x000001f7f549c800, 0x000001f7f8405000, 0x000001f7f8404800,
0x000001f7f8403000, 0x000001f7f8407800, 0x000001f7f8403800, 0x000001f7f8407000,
0x000001f7f8402000, 0x000001f7f8409800, 0x000001f7f8408800, 0x000001f7f4f27800,
0x000001f7f840b000, 0x000001f7f840a000, 0x000001f7f8410000, 0x000001f7f840e000,
0x000001f7f840f000, 0x000001f7f840c000, 0x000001f7f8410800, 0x000001f7f840c800,
0x000001f7f840d800, 0x000001f7f5595800, 0x000001f7f5590800, 0x000001f7f5594000,
0x000001f7f5594800, 0x000001f7f5597000, 0x000001f7f5591800, 0x000001f7f5499000,
0x000001f7f549a000, 0x000001f7f549f000, 0x000001f7f549a800, 0x000001f7fc48f800,
0x000001f7fc48d000, 0x000001f7fc48e000, 0x000001f7fc491000, 0x000001f7fc492000,
0x000001f7fc48e800, 0x000001f7fc490800, 0x000001f7fc48c000, 0x000001f7f4b5c800
}

Java Threads: ( => current thread )
  0x000001f7d77ee800 JavaThread "main" [_thread_blocked, id=8732, stack(0x000000ab37c00000,0x000000ab37d00000)]
  0x000001f7f29cd000 JavaThread "Reference Handler" daemon [_thread_blocked, id=16824, stack(0x000000ab38300000,0x000000ab38400000)]
  0x000001f7f29d6000 JavaThread "Finalizer" daemon [_thread_blocked, id=16540, stack(0x000000ab38400000,0x000000ab38500000)]
  0x000001f7f2a2d800 JavaThread "Signal Dispatcher" daemon [_thread_blocked, id=8272, stack(0x000000ab38500000,0x000000ab38600000)]
  0x000001f7f2a2e800 JavaThread "Attach Listener" daemon [_thread_blocked, id=1028, stack(0x000000ab38600000,0x000000ab38700000)]
  0x000001f7f2a2f800 JavaThread "Service Thread" daemon [_thread_blocked, id=17356, stack(0x000000ab38700000,0x000000ab38800000)]
=>0x000001f7f2a31000 JavaThread "C2 CompilerThread0" daemon [_thread_in_native, id=644, stack(0x000000ab38800000,0x000000ab38900000)]
  0x000001f7f2a3f800 JavaThread "C1 CompilerThread0" daemon [_thread_blocked, id=14512, stack(0x000000ab38900000,0x000000ab38a00000)]
  0x000001f7f2a43000 JavaThread "Sweeper thread" daemon [_thread_blocked, id=4600, stack(0x000000ab38a00000,0x000000ab38b00000)]
  0x000001f7f2bc7800 JavaThread "Common-Cleaner" daemon [_thread_blocked, id=9668, stack(0x000000ab38b00000,0x000000ab38c00000)]
  0x000001f7f4ba6800 JavaThread "Daemon health stats" [_thread_blocked, id=14192, stack(0x000000ab39300000,0x000000ab39400000)]
  0x000001f7f2d55800 JavaThread "Incoming local TCP Connector on port 56576" [_thread_in_native, id=7912, stack(0x000000ab38d00000,0x000000ab38e00000)]
  0x000001f7f4b3f800 JavaThread "Daemon periodic checks" [_thread_blocked, id=14708, stack(0x000000ab39500000,0x000000ab39600000)]
  0x000001f7f5596800 JavaThread "Cache worker for file hash cache (C:\Users\upxol\.gradle\caches\6.7.1\fileHashes)" [_thread_blocked, id=8852, stack(0x000000ab39e00000,0x000000ab39f00000)]
  0x000001f7f5592000 JavaThread "File lock request listener" [_thread_in_native, id=14216, stack(0x000000ab39f00000,0x000000ab3a000000)]
  0x000001f7f5593000 JavaThread "Cache worker for journal cache (C:\Users\upxol\.gradle\caches\journal-1)" [_thread_blocked, id=8588, stack(0x000000ab3a700000,0x000000ab3a800000)]
  0x000001f7f549b800 JavaThread "Cache worker for execution history cache (C:\Users\upxol\.gradle\caches\6.7.1\executionHistory)" [_thread_blocked, id=11272, stack(0x000000ab3c300000,0x000000ab3c400000)]
  0x000001f7f549c800 JavaThread "Cache worker for file content cache (C:\Users\upxol\.gradle\caches\6.7.1\fileContent)" [_thread_blocked, id=1116, stack(0x000000ab3c400000,0x000000ab3c500000)]
  0x000001f7f8405000 JavaThread "Memory manager" [_thread_blocked, id=2480, stack(0x000000ab42100000,0x000000ab42200000)]
  0x000001f7f8404800 JavaThread "pool-3-thread-1" [_thread_blocked, id=2424, stack(0x000000ab42200000,0x000000ab42300000)]
  0x000001f7f8403000 JavaThread "Daemon Thread 2" [_thread_blocked, id=6092, stack(0x000000ab37900000,0x000000ab37a00000)]
  0x000001f7f8407800 JavaThread "Handler for socket connection from /127.0.0.1:56576 to /127.0.0.1:56849" [_thread_in_native, id=15432, stack(0x000000ab37a00000,0x000000ab37b00000)]
  0x000001f7f8403800 JavaThread "Cancel handler" [_thread_blocked, id=4844, stack(0x000000ab37b00000,0x000000ab37c00000)]
  0x000001f7f8407000 JavaThread "Daemon worker Thread 2" [_thread_in_Java, id=1548, stack(0x000000ab39200000,0x000000ab39300000)]
  0x000001f7f8402000 JavaThread "Asynchronous log dispatcher for DefaultDaemonConnection: socket connection from /127.0.0.1:56576 to /127.0.0.1:56849" [_thread_blocked, id=8020, stack(0x000000ab39400000,0x000000ab39500000)]
  0x000001f7f8409800 JavaThread "Stdin handler" [_thread_blocked, id=10200, stack(0x000000ab39600000,0x000000ab39700000)]
  0x000001f7f8408800 JavaThread "Thread-148" [_thread_blocked, id=8040, stack(0x000000ab39700000,0x000000ab39800000)]
  0x000001f7f4f27800 JavaThread "C2 CompilerThread1" daemon [_thread_in_native, id=6796, stack(0x000000ab39800000,0x000000ab39900000)]
  0x000001f7f840b000 JavaThread "Cache worker for file hash cache (C:\Workspace\Manga-project-main\Manga-project-main\MangarReader\.gradle\6.7.1\fileHashes)" [_thread_blocked, id=1808, stack(0x000000ab39900000,0x000000ab39a00000)]
  0x000001f7f840a000 JavaThread "jar transforms Thread 100" [_thread_blocked, id=11672, stack(0x000000ab39a00000,0x000000ab39b00000)]
  0x000001f7f8410000 JavaThread "jar transforms Thread 101" [_thread_blocked, id=9656, stack(0x000000ab39b00000,0x000000ab39c00000)]
  0x000001f7f840e000 JavaThread "jar transforms Thread 102" [_thread_blocked, id=8332, stack(0x000000ab39c00000,0x000000ab39d00000)]
  0x000001f7f840f000 JavaThread "jar transforms Thread 103" [_thread_blocked, id=15280, stack(0x000000ab39d00000,0x000000ab39e00000)]
  0x000001f7f840c000 JavaThread "jar transforms Thread 104" [_thread_blocked, id=10328, stack(0x000000ab3a800000,0x000000ab3a900000)]
  0x000001f7f8410800 JavaThread "jar transforms Thread 105" [_thread_blocked, id=17524, stack(0x000000ab3a900000,0x000000ab3aa00000)]
  0x000001f7f840c800 JavaThread "jar transforms Thread 106" [_thread_blocked, id=15716, stack(0x000000ab3aa00000,0x000000ab3ab00000)]
  0x000001f7f840d800 JavaThread "jar transforms Thread 107" [_thread_blocked, id=2392, stack(0x000000ab3ab00000,0x000000ab3ac00000)]
  0x000001f7f5595800 JavaThread "jar transforms Thread 108" [_thread_blocked, id=13376, stack(0x000000ab3ac00000,0x000000ab3ad00000)]
  0x000001f7f5590800 JavaThread "jar transforms Thread 109" [_thread_blocked, id=13512, stack(0x000000ab3ad00000,0x000000ab3ae00000)]
  0x000001f7f5594000 JavaThread "jar transforms Thread 110" [_thread_blocked, id=17680, stack(0x000000ab3ae00000,0x000000ab3af00000)]
  0x000001f7f5594800 JavaThread "jar transforms Thread 111" [_thread_blocked, id=12236, stack(0x000000ab3af00000,0x000000ab3b000000)]
  0x000001f7f5597000 JavaThread "jar transforms Thread 112" [_thread_blocked, id=16200, stack(0x000000ab3b000000,0x000000ab3b100000)]
  0x000001f7f5591800 JavaThread "jar transforms Thread 113" [_thread_blocked, id=16780, stack(0x000000ab3b100000,0x000000ab3b200000)]
  0x000001f7f5499000 JavaThread "jar transforms Thread 114" [_thread_blocked, id=15676, stack(0x000000ab3b200000,0x000000ab3b300000)]
  0x000001f7f549a000 JavaThread "jar transforms Thread 115" [_thread_blocked, id=1512, stack(0x000000ab3b300000,0x000000ab3b400000)]
  0x000001f7f549f000 JavaThread "jar transforms Thread 116" [_thread_blocked, id=7640, stack(0x000000ab3b400000,0x000000ab3b500000)]
  0x000001f7f549a800 JavaThread "jar transforms Thread 117" [_thread_blocked, id=16860, stack(0x000000ab3b500000,0x000000ab3b600000)]
  0x000001f7fc48f800 JavaThread "jar transforms Thread 118" [_thread_blocked, id=3324, stack(0x000000ab3b600000,0x000000ab3b700000)]
  0x000001f7fc48d000 JavaThread "jar transforms Thread 119" [_thread_blocked, id=12868, stack(0x000000ab3b700000,0x000000ab3b800000)]
  0x000001f7fc48e000 JavaThread "jar transforms Thread 120" [_thread_blocked, id=17844, stack(0x000000ab3b800000,0x000000ab3b900000)]
  0x000001f7fc491000 JavaThread "jar transforms Thread 121" [_thread_blocked, id=4500, stack(0x000000ab3b900000,0x000000ab3ba00000)]
  0x000001f7fc492000 JavaThread "Cache worker for checksums cache (C:\Workspace\Manga-project-main\Manga-project-main\MangarReader\.gradle\checksums)" [_thread_blocked, id=16236, stack(0x000000ab3bb00000,0x000000ab3bc00000)]
  0x000001f7fc48e800 JavaThread "Cache worker for cache directory md-supplier (C:\Users\upxol\.gradle\caches\6.7.1\md-supplier)" [_thread_blocked, id=2500, stack(0x000000ab3bc00000,0x000000ab3bd00000)]
  0x000001f7fc490800 JavaThread "Cache worker for cache directory md-rule (C:\Users\upxol\.gradle\caches\6.7.1\md-rule)" [_thread_blocked, id=5588, stack(0x000000ab3bd00000,0x000000ab3be00000)]
  0x000001f7fc48c000 JavaThread "File lock release action executor" [_thread_blocked, id=16660, stack(0x000000ab3be00000,0x000000ab3bf00000)]
  0x000001f7f4b5c800 JavaThread "C2 CompilerThread2" daemon [_thread_in_native, id=11176, stack(0x000000ab3ba00000,0x000000ab3bb00000)]

Other Threads:
  0x000001f7f29c9800 VMThread "VM Thread" [stack: 0x000000ab38200000,0x000000ab38300000] [id=12568]
  0x000001f7f2c0b000 WatcherThread [stack: 0x000000ab38c00000,0x000000ab38d00000] [id=5728]
  0x000001f7d7807000 GCTaskThread "GC Thread#0" [stack: 0x000000ab37d00000,0x000000ab37e00000] [id=13444]
  0x000001f7f30f7800 GCTaskThread "GC Thread#1" [stack: 0x000000ab38e00000,0x000000ab38f00000] [id=17036]
  0x000001f7f3a85800 GCTaskThread "GC Thread#2" [stack: 0x000000ab38f00000,0x000000ab39000000] [id=1452]
  0x000001f7f3bba000 GCTaskThread "GC Thread#3" [stack: 0x000000ab39000000,0x000000ab39100000] [id=12992]
  0x000001f7f3bba800 GCTaskThread "GC Thread#4" [stack: 0x000000ab39100000,0x000000ab39200000] [id=15136]
  0x000001f7f57ca800 GCTaskThread "GC Thread#5" [stack: 0x000000ab3a000000,0x000000ab3a100000] [id=352]
  0x000001f7f4fa2800 GCTaskThread "GC Thread#6" [stack: 0x000000ab3a100000,0x000000ab3a200000] [id=18028]
  0x000001f7f5726000 GCTaskThread "GC Thread#7" [stack: 0x000000ab3a200000,0x000000ab3a300000] [id=9968]
  0x000001f7f4b32800 GCTaskThread "GC Thread#8" [stack: 0x000000ab3a300000,0x000000ab3a400000] [id=9092]
  0x000001f7f573e800 GCTaskThread "GC Thread#9" [stack: 0x000000ab3a400000,0x000000ab3a500000] [id=17020]
  0x000001f7d7838000 ConcurrentGCThread "G1 Main Marker" [stack: 0x000000ab37e00000,0x000000ab37f00000] [id=6472]
  0x000001f7d783a000 ConcurrentGCThread "G1 Conc#0" [stack: 0x000000ab37f00000,0x000000ab38000000] [id=17500]
  0x000001f7f4432800 ConcurrentGCThread "G1 Conc#1" [stack: 0x000000ab3a500000,0x000000ab3a600000] [id=3116]
  0x000001f7f5386000 ConcurrentGCThread "G1 Conc#2" [stack: 0x000000ab3a600000,0x000000ab3a700000] [id=18412]
  0x000001f7f2016800 ConcurrentGCThread "G1 Refine#0" [stack: 0x000000ab38000000,0x000000ab38100000] [id=15856]
  0x000001f7f8a9d800 ConcurrentGCThread "G1 Refine#1" [stack: 0x000000ab3c600000,0x000000ab3c700000] [id=17604]
  0x000001f7f8a9e000 ConcurrentGCThread "G1 Refine#2" [stack: 0x000000ab3c700000,0x000000ab3c800000] [id=18064]
  0x000001f7f201b000 ConcurrentGCThread "G1 Young RemSet Sampling" [stack: 0x000000ab38100000,0x000000ab38200000] [id=4808]

Threads with active compile tasks:
C2 CompilerThread0 282442 11434       4       org.gradle.internal.instantiation.generator.AbstractClassGenerator::inspectType (560 bytes)
C2 CompilerThread1 282442 11456       4       groovy.lang.MetaClassImpl::addMetaMethodToIndex (65 bytes)
C2 CompilerThread2 282443 11457       4       groovy.lang.MetaClassImpl::checkIfStdMethod (178 bytes)

VM state:not at safepoint (normal execution)

VM Mutex/Monitor currently owned by a thread: None

Heap address: 0x0000000080000000, size: 2048 MB, Compressed Oops mode: 32-bit
Narrow klass base: 0x0000000000000000, Narrow klass shift: 3
Compressed class space size: 1073741824 Address: 0x0000000100000000

Heap:
 garbage-first heap   total 251904K, used 195827K [0x0000000080000000, 0x0000000100000000)
  region size 1024K, 61 young (62464K), 7 survivors (7168K)
 Metaspace       used 102355K, capacity 105266K, committed 106020K, reserved 1140736K
  class space    used 12753K, capacity 13728K, committed 14080K, reserved 1048576K
Heap Regions: E=young(eden), S=young(survivor), O=old, HS=humongous(starts), HC=humongous(continues), CS=collection set, F=free, A=archive, TAMS=top-at-mark-start (previous, next)
|   0|0x0000000080000000, 0x0000000080100000, 0x0000000080100000|100%| O|  |TAMS 0x0000000080100000, 0x0000000080000000| Untracked 
|   1|0x0000000080100000, 0x0000000080200000, 0x0000000080200000|100%| O|  |TAMS 0x0000000080200000, 0x0000000080100000| Untracked 
|   2|0x0000000080200000, 0x0000000080300000, 0x0000000080300000|100%| O|  |TAMS 0x0000000080300000, 0x0000000080200000| Untracked 
|   3|0x0000000080300000, 0x0000000080400000, 0x0000000080400000|100%|HS|  |TAMS 0x0000000080400000, 0x0000000080300000| Complete 
|   4|0x0000000080400000, 0x0000000080500000, 0x0000000080500000|100%|HC|  |TAMS 0x0000000080500000, 0x0000000080400000| Complete 
|   5|0x0000000080500000, 0x0000000080600000, 0x0000000080600000|100%|HC|  |TAMS 0x0000000080600000, 0x0000000080500000| Complete 
|   6|0x0000000080600000, 0x0000000080700000, 0x0000000080700000|100%| O|  |TAMS 0x0000000080700000, 0x0000000080600000| Untracked 
|   7|0x0000000080700000, 0x0000000080800000, 0x0000000080800000|100%| O|  |TAMS 0x0000000080800000, 0x0000000080700000| Untracked 
|   8|0x0000000080800000, 0x0000000080900000, 0x0000000080900000|100%| O|  |TAMS 0x0000000080900000, 0x0000000080800000| Untracked 
|   9|0x0000000080900000, 0x0000000080a00000, 0x0000000080a00000|100%| O|  |TAMS 0x0000000080a00000, 0x0000000080900000| Untracked 
|  10|0x0000000080a00000, 0x0000000080b00000, 0x0000000080b00000|100%| O|  |TAMS 0x0000000080b00000, 0x0000000080a00000| Untracked 
|  11|0x0000000080b00000, 0x0000000080c00000, 0x0000000080c00000|100%| O|  |TAMS 0x0000000080c00000, 0x0000000080b00000| Untracked 
|  12|0x0000000080c00000, 0x0000000080d00000, 0x0000000080d00000|100%| O|  |TAMS 0x0000000080d00000, 0x0000000080c00000| Untracked 
|  13|0x0000000080d00000, 0x0000000080e00000, 0x0000000080e00000|100%| O|  |TAMS 0x0000000080e00000, 0x0000000080d00000| Untracked 
|  14|0x0000000080e00000, 0x0000000080f00000, 0x0000000080f00000|100%| O|  |TAMS 0x0000000080f00000, 0x0000000080e00000| Untracked 
|  15|0x0000000080f00000, 0x0000000081000000, 0x0000000081000000|100%| O|  |TAMS 0x0000000081000000, 0x0000000080f00000| Untracked 
|  16|0x0000000081000000, 0x0000000081100000, 0x0000000081100000|100%|HS|  |TAMS 0x0000000081100000, 0x0000000081000000| Complete 
|  17|0x0000000081100000, 0x0000000081200000, 0x0000000081200000|100%|HC|  |TAMS 0x0000000081200000, 0x0000000081100000| Complete 
|  18|0x0000000081200000, 0x0000000081300000, 0x0000000081300000|100%|HS|  |TAMS 0x0000000081300000, 0x0000000081200000| Complete 
|  19|0x0000000081300000, 0x0000000081400000, 0x0000000081400000|100%|HC|  |TAMS 0x0000000081400000, 0x0000000081300000| Complete 
|  20|0x0000000081400000, 0x0000000081500000, 0x0000000081500000|100%|HC|  |TAMS 0x0000000081500000, 0x0000000081400000| Complete 
|  21|0x0000000081500000, 0x0000000081600000, 0x0000000081600000|100%|HS|  |TAMS 0x0000000081600000, 0x0000000081500000| Complete 
|  22|0x0000000081600000, 0x0000000081700000, 0x0000000081700000|100%|HC|  |TAMS 0x0000000081700000, 0x0000000081600000| Complete 
|  23|0x0000000081700000, 0x0000000081800000, 0x0000000081800000|100%|HC|  |TAMS 0x0000000081800000, 0x0000000081700000| Complete 
|  24|0x0000000081800000, 0x0000000081900000, 0x0000000081900000|100%|HS|  |TAMS 0x0000000081900000, 0x0000000081800000| Complete 
|  25|0x0000000081900000, 0x0000000081a00000, 0x0000000081a00000|100%|HC|  |TAMS 0x0000000081a00000, 0x0000000081900000| Complete 
|  26|0x0000000081a00000, 0x0000000081b00000, 0x0000000081b00000|100%|HC|  |TAMS 0x0000000081b00000, 0x0000000081a00000| Complete 
|  27|0x0000000081b00000, 0x0000000081c00000, 0x0000000081c00000|100%|HC|  |TAMS 0x0000000081c00000, 0x0000000081b00000| Complete 
|  28|0x0000000081c00000, 0x0000000081d00000, 0x0000000081d00000|100%|HC|  |TAMS 0x0000000081d00000, 0x0000000081c00000| Complete 
|  29|0x0000000081d00000, 0x0000000081e00000, 0x0000000081e00000|100%|HS|  |TAMS 0x0000000081e00000, 0x0000000081d00000| Complete 
|  30|0x0000000081e00000, 0x0000000081f00000, 0x0000000081f00000|100%|HS|  |TAMS 0x0000000081f00000, 0x0000000081e00000| Complete 
|  31|0x0000000081f00000, 0x0000000082000000, 0x0000000082000000|100%|HC|  |TAMS 0x0000000082000000, 0x0000000081f00000| Complete 
|  32|0x0000000082000000, 0x0000000082100000, 0x0000000082100000|100%|HS|  |TAMS 0x0000000082100000, 0x0000000082000000| Complete 
|  33|0x0000000082100000, 0x0000000082200000, 0x0000000082200000|100%|HC|  |TAMS 0x0000000082200000, 0x0000000082100000| Complete 
|  34|0x0000000082200000, 0x0000000082300000, 0x0000000082300000|100%|HC|  |TAMS 0x0000000082300000, 0x0000000082200000| Complete 
|  35|0x0000000082300000, 0x0000000082400000, 0x0000000082400000|100%|HC|  |TAMS 0x0000000082400000, 0x0000000082300000| Complete 
|  36|0x0000000082400000, 0x0000000082500000, 0x0000000082500000|100%|HS|  |TAMS 0x0000000082500000, 0x0000000082400000| Complete 
|  37|0x0000000082500000, 0x0000000082600000, 0x0000000082600000|100%|HC|  |TAMS 0x0000000082600000, 0x0000000082500000| Complete 
|  38|0x0000000082600000, 0x0000000082700000, 0x0000000082700000|100%|HC|  |TAMS 0x0000000082700000, 0x0000000082600000| Complete 
|  39|0x0000000082700000, 0x0000000082800000, 0x0000000082800000|100%|HS|  |TAMS 0x0000000082800000, 0x0000000082700000| Complete 
|  40|0x0000000082800000, 0x0000000082900000, 0x0000000082900000|100%|HC|  |TAMS 0x0000000082900000, 0x0000000082800000| Complete 
|  41|0x0000000082900000, 0x0000000082a00000, 0x0000000082a00000|100%|HS|  |TAMS 0x0000000082a00000, 0x0000000082900000| Complete 
|  42|0x0000000082a00000, 0x0000000082b00000, 0x0000000082b00000|100%|HC|  |TAMS 0x0000000082b00000, 0x0000000082a00000| Complete 
|  43|0x0000000082b00000, 0x0000000082c00000, 0x0000000082c00000|100%|HC|  |TAMS 0x0000000082c00000, 0x0000000082b00000| Complete 
|  44|0x0000000082c00000, 0x0000000082d00000, 0x0000000082d00000|100%| O|  |TAMS 0x0000000082d00000, 0x0000000082c00000| Untracked 
|  45|0x0000000082d00000, 0x0000000082e00000, 0x0000000082e00000|100%|HS|  |TAMS 0x0000000082e00000, 0x0000000082d00000| Complete 
|  46|0x0000000082e00000, 0x0000000082f00000, 0x0000000082f00000|100%|HC|  |TAMS 0x0000000082f00000, 0x0000000082e00000| Complete 
|  47|0x0000000082f00000, 0x0000000083000000, 0x0000000083000000|100%|HC|  |TAMS 0x0000000083000000, 0x0000000082f00000| Complete 
|  48|0x0000000083000000, 0x0000000083100000, 0x0000000083100000|100%|HC|  |TAMS 0x0000000083100000, 0x0000000083000000| Complete 
|  49|0x0000000083100000, 0x0000000083200000, 0x0000000083200000|100%|HC|  |TAMS 0x0000000083200000, 0x0000000083100000| Complete 
|  50|0x0000000083200000, 0x0000000083300000, 0x0000000083300000|100%| O|  |TAMS 0x0000000083300000, 0x0000000083200000| Untracked 
|  51|0x0000000083300000, 0x0000000083400000, 0x0000000083400000|100%| O|  |TAMS 0x0000000083400000, 0x0000000083300000| Untracked 
|  52|0x0000000083400000, 0x0000000083500000, 0x0000000083500000|100%| O|  |TAMS 0x0000000083500000, 0x0000000083400000| Untracked 
|  53|0x0000000083500000, 0x0000000083600000, 0x0000000083600000|100%| O|  |TAMS 0x0000000083600000, 0x0000000083500000| Untracked 
|  54|0x0000000083600000, 0x0000000083700000, 0x0000000083700000|100%| O|  |TAMS 0x0000000083700000, 0x0000000083600000| Untracked 
|  55|0x0000000083700000, 0x0000000083800000, 0x0000000083800000|100%| O|  |TAMS 0x0000000083800000, 0x0000000083700000| Untracked 
|  56|0x0000000083800000, 0x0000000083900000, 0x0000000083900000|100%| O|  |TAMS 0x0000000083900000, 0x0000000083800000| Untracked 
|  57|0x0000000083900000, 0x0000000083a00000, 0x0000000083a00000|100%| O|  |TAMS 0x0000000083a00000, 0x0000000083900000| Untracked 
|  58|0x0000000083a00000, 0x0000000083b00000, 0x0000000083b00000|100%| O|  |TAMS 0x0000000083b00000, 0x0000000083a00000| Untracked 
|  59|0x0000000083b00000, 0x0000000083c00000, 0x0000000083c00000|100%| O|  |TAMS 0x0000000083c00000, 0x0000000083b00000| Untracked 
|  60|0x0000000083c00000, 0x0000000083d00000, 0x0000000083d00000|100%| O|  |TAMS 0x0000000083d00000, 0x0000000083c00000| Untracked 
|  61|0x0000000083d00000, 0x0000000083e00000, 0x0000000083e00000|100%| O|  |TAMS 0x0000000083e00000, 0x0000000083d00000| Untracked 
|  62|0x0000000083e00000, 0x0000000083f00000, 0x0000000083f00000|100%| O|  |TAMS 0x0000000083f00000, 0x0000000083e00000| Untracked 
|  63|0x0000000083f00000, 0x0000000084000000, 0x0000000084000000|100%| O|  |TAMS 0x0000000084000000, 0x0000000083f00000| Untracked 
|  64|0x0000000084000000, 0x0000000084100000, 0x0000000084100000|100%| O|  |TAMS 0x0000000084100000, 0x0000000084000000| Untracked 
|  65|0x0000000084100000, 0x0000000084200000, 0x0000000084200000|100%| O|  |TAMS 0x0000000084200000, 0x0000000084100000| Untracked 
|  66|0x0000000084200000, 0x0000000084300000, 0x0000000084300000|100%| O|  |TAMS 0x0000000084300000, 0x0000000084200000| Untracked 
|  67|0x0000000084300000, 0x0000000084400000, 0x0000000084400000|100%| O|  |TAMS 0x0000000084400000, 0x0000000084300000| Untracked 
|  68|0x0000000084400000, 0x0000000084500000, 0x0000000084500000|100%| O|  |TAMS 0x0000000084500000, 0x0000000084400000| Untracked 
|  69|0x0000000084500000, 0x0000000084600000, 0x0000000084600000|100%| O|  |TAMS 0x0000000084600000, 0x0000000084500000| Untracked 
|  70|0x0000000084600000, 0x0000000084700000, 0x0000000084700000|100%| O|  |TAMS 0x0000000084700000, 0x0000000084600000| Untracked 
|  71|0x0000000084700000, 0x0000000084800000, 0x0000000084800000|100%| O|  |TAMS 0x0000000084800000, 0x0000000084700000| Untracked 
|  72|0x0000000084800000, 0x0000000084900000, 0x0000000084900000|100%| O|  |TAMS 0x0000000084900000, 0x0000000084800000| Untracked 
|  73|0x0000000084900000, 0x0000000084a00000, 0x0000000084a00000|100%| O|  |TAMS 0x0000000084a00000, 0x0000000084900000| Untracked 
|  74|0x0000000084a00000, 0x0000000084b00000, 0x0000000084b00000|100%| O|  |TAMS 0x0000000084b00000, 0x0000000084a00000| Untracked 
|  75|0x0000000084b00000, 0x0000000084c00000, 0x0000000084c00000|100%| O|  |TAMS 0x0000000084c00000, 0x0000000084b00000| Untracked 
|  76|0x0000000084c00000, 0x0000000084d00000, 0x0000000084d00000|100%|HS|  |TAMS 0x0000000084d00000, 0x0000000084c00000| Complete 
|  77|0x0000000084d00000, 0x0000000084e00000, 0x0000000084e00000|100%|HS|  |TAMS 0x0000000084e00000, 0x0000000084d00000| Complete 
|  78|0x0000000084e00000, 0x0000000084f00000, 0x0000000084f00000|100%|HC|  |TAMS 0x0000000084f00000, 0x0000000084e00000| Complete 
|  79|0x0000000084f00000, 0x0000000085000000, 0x0000000085000000|100%|HC|  |TAMS 0x0000000085000000, 0x0000000084f00000| Complete 
|  80|0x0000000085000000, 0x0000000085100000, 0x0000000085100000|100%|HC|  |TAMS 0x0000000085100000, 0x0000000085000000| Complete 
|  81|0x0000000085100000, 0x0000000085200000, 0x0000000085200000|100%|HS|  |TAMS 0x0000000085200000, 0x0000000085100000| Complete 
|  82|0x0000000085200000, 0x0000000085300000, 0x0000000085300000|100%|HC|  |TAMS 0x0000000085300000, 0x0000000085200000| Complete 
|  83|0x0000000085300000, 0x0000000085400000, 0x0000000085400000|100%|HS|  |TAMS 0x0000000085400000, 0x0000000085300000| Complete 
|  84|0x0000000085400000, 0x0000000085500000, 0x0000000085500000|100%|HC|  |TAMS 0x0000000085500000, 0x0000000085400000| Complete 
|  85|0x0000000085500000, 0x0000000085600000, 0x0000000085600000|100%|HC|  |TAMS 0x0000000085600000, 0x0000000085500000| Complete 
|  86|0x0000000085600000, 0x0000000085700000, 0x0000000085700000|100%|HS|  |TAMS 0x0000000085700000, 0x0000000085600000| Complete 
|  87|0x0000000085700000, 0x0000000085800000, 0x0000000085800000|100%|HC|  |TAMS 0x0000000085800000, 0x0000000085700000| Complete 
|  88|0x0000000085800000, 0x0000000085900000, 0x0000000085900000|100%|HC|  |TAMS 0x0000000085900000, 0x0000000085800000| Complete 
|  89|0x0000000085900000, 0x0000000085a00000, 0x0000000085a00000|100%|HS|  |TAMS 0x0000000085a00000, 0x0000000085900000| Complete 
|  90|0x0000000085a00000, 0x0000000085b00000, 0x0000000085b00000|100%|HC|  |TAMS 0x0000000085b00000, 0x0000000085a00000| Complete 
|  91|0x0000000085b00000, 0x0000000085c00000, 0x0000000085c00000|100%|HC|  |TAMS 0x0000000085c00000, 0x0000000085b00000| Complete 
|  92|0x0000000085c00000, 0x0000000085d00000, 0x0000000085d00000|100%|HC|  |TAMS 0x0000000085d00000, 0x0000000085c00000| Complete 
|  93|0x0000000085d00000, 0x0000000085e00000, 0x0000000085e00000|100%|HC|  |TAMS 0x0000000085e00000, 0x0000000085d00000| Complete 
|  94|0x0000000085e00000, 0x0000000085f00000, 0x0000000085f00000|100%|HS|  |TAMS 0x0000000085f00000, 0x0000000085e00000| Complete 
|  95|0x0000000085f00000, 0x0000000086000000, 0x0000000086000000|100%|HS|  |TAMS 0x0000000086000000, 0x0000000085f00000| Complete 
|  96|0x0000000086000000, 0x0000000086100000, 0x0000000086100000|100%|HC|  |TAMS 0x0000000086100000, 0x0000000086000000| Complete 
|  97|0x0000000086100000, 0x0000000086200000, 0x0000000086200000|100%|HC|  |TAMS 0x0000000086200000, 0x0000000086100000| Complete 
|  98|0x0000000086200000, 0x0000000086300000, 0x0000000086300000|100%|HC|  |TAMS 0x0000000086300000, 0x0000000086200000| Complete 
|  99|0x0000000086300000, 0x0000000086400000, 0x0000000086400000|100%| O|  |TAMS 0x0000000086400000, 0x0000000086300000| Untracked 
| 100|0x0000000086400000, 0x0000000086500000, 0x0000000086500000|100%| O|  |TAMS 0x0000000086500000, 0x0000000086400000| Untracked 
| 101|0x0000000086500000, 0x0000000086600000, 0x0000000086600000|100%| O|  |TAMS 0x0000000086600000, 0x0000000086500000| Untracked 
| 102|0x0000000086600000, 0x0000000086700000, 0x0000000086700000|100%| O|  |TAMS 0x0000000086700000, 0x0000000086600000| Untracked 
| 103|0x0000000086700000, 0x0000000086800000, 0x0000000086800000|100%| O|  |TAMS 0x0000000086800000, 0x0000000086700000| Untracked 
| 104|0x0000000086800000, 0x0000000086900000, 0x0000000086900000|100%| O|  |TAMS 0x0000000086900000, 0x0000000086800000| Untracked 
| 105|0x0000000086900000, 0x0000000086a00000, 0x0000000086a00000|100%| O|  |TAMS 0x0000000086a00000, 0x0000000086900000| Untracked 
| 106|0x0000000086a00000, 0x0000000086b00000, 0x0000000086b00000|100%| O|  |TAMS 0x0000000086b00000, 0x0000000086a00000| Untracked 
| 107|0x0000000086b00000, 0x0000000086c00000, 0x0000000086c00000|100%| O|  |TAMS 0x0000000086c00000, 0x0000000086b00000| Untracked 
| 108|0x0000000086c00000, 0x0000000086d00000, 0x0000000086d00000|100%| O|  |TAMS 0x0000000086d00000, 0x0000000086c00000| Untracked 
| 109|0x0000000086d00000, 0x0000000086e00000, 0x0000000086e00000|100%| O|  |TAMS 0x0000000086e00000, 0x0000000086d00000| Untracked 
| 110|0x0000000086e00000, 0x0000000086f00000, 0x0000000086f00000|100%| O|  |TAMS 0x0000000086f00000, 0x0000000086e00000| Untracked 
| 111|0x0000000086f00000, 0x0000000087000000, 0x0000000087000000|100%| O|  |TAMS 0x0000000087000000, 0x0000000086f00000| Untracked 
| 112|0x0000000087000000, 0x0000000087100000, 0x0000000087100000|100%| O|  |TAMS 0x0000000087100000, 0x0000000087000000| Untracked 
| 113|0x0000000087100000, 0x0000000087200000, 0x0000000087200000|100%| O|  |TAMS 0x0000000087200000, 0x0000000087100000| Untracked 
| 114|0x0000000087200000, 0x0000000087300000, 0x0000000087300000|100%| O|  |TAMS 0x0000000087300000, 0x0000000087200000| Untracked 
| 115|0x0000000087300000, 0x0000000087400000, 0x0000000087400000|100%| O|  |TAMS 0x0000000087400000, 0x0000000087300000| Untracked 
| 116|0x0000000087400000, 0x0000000087500000, 0x0000000087500000|100%| O|  |TAMS 0x0000000087500000, 0x0000000087400000| Untracked 
| 117|0x0000000087500000, 0x0000000087600000, 0x0000000087600000|100%| O|  |TAMS 0x0000000087600000, 0x0000000087500000| Untracked 
| 118|0x0000000087600000, 0x0000000087700000, 0x0000000087700000|100%| O|  |TAMS 0x0000000087700000, 0x0000000087600000| Untracked 
| 119|0x0000000087700000, 0x0000000087800000, 0x0000000087800000|100%| O|  |TAMS 0x0000000087800000, 0x0000000087700000| Untracked 
| 120|0x0000000087800000, 0x0000000087900000, 0x0000000087900000|100%| O|  |TAMS 0x0000000087900000, 0x0000000087800000| Untracked 
| 121|0x0000000087900000, 0x0000000087a00000, 0x0000000087a00000|100%| O|  |TAMS 0x0000000087a00000, 0x0000000087900000| Untracked 
| 122|0x0000000087a00000, 0x0000000087b00000, 0x0000000087b00000|100%| O|  |TAMS 0x0000000087b00000, 0x0000000087a00000| Untracked 
| 123|0x0000000087b00000, 0x0000000087c00000, 0x0000000087c00000|100%| O|  |TAMS 0x0000000087c00000, 0x0000000087b00000| Untracked 
| 124|0x0000000087c00000, 0x0000000087d00000, 0x0000000087d00000|100%| O|  |TAMS 0x0000000087d00000, 0x0000000087c00000| Untracked 
| 125|0x0000000087d00000, 0x0000000087e00000, 0x0000000087e00000|100%| O|  |TAMS 0x0000000087e00000, 0x0000000087d00000| Untracked 
| 126|0x0000000087e00000, 0x0000000087f00000, 0x0000000087f00000|100%| O|  |TAMS 0x0000000087f00000, 0x0000000087e00000| Untracked 
| 127|0x0000000087f00000, 0x0000000088000000, 0x0000000088000000|100%| O|  |TAMS 0x0000000088000000, 0x0000000087f00000| Untracked 
| 128|0x0000000088000000, 0x0000000088100000, 0x0000000088100000|100%| O|  |TAMS 0x0000000088100000, 0x0000000088000000| Untracked 
| 129|0x0000000088100000, 0x0000000088200000, 0x0000000088200000|100%| O|  |TAMS 0x0000000088200000, 0x0000000088100000| Untracked 
| 130|0x0000000088200000, 0x0000000088300000, 0x0000000088300000|100%| O|  |TAMS 0x0000000088300000, 0x0000000088200000| Untracked 
| 131|0x0000000088300000, 0x0000000088400000, 0x0000000088400000|100%| O|  |TAMS 0x0000000088400000, 0x0000000088300000| Untracked 
| 132|0x0000000088400000, 0x00000000884dfc00, 0x0000000088500000| 87%| O|  |TAMS 0x00000000884dfc00, 0x0000000088400000| Untracked 
| 133|0x0000000088500000, 0x0000000088500000, 0x0000000088600000|  0%| F|  |TAMS 0x0000000088500000, 0x0000000088500000| Untracked 
| 134|0x0000000088600000, 0x0000000088600000, 0x0000000088700000|  0%| F|  |TAMS 0x0000000088600000, 0x0000000088600000| Untracked 
| 135|0x0000000088700000, 0x0000000088700000, 0x0000000088800000|  0%| F|  |TAMS 0x0000000088700000, 0x0000000088700000| Untracked 
| 136|0x0000000088800000, 0x0000000088800000, 0x0000000088900000|  0%| F|  |TAMS 0x0000000088800000, 0x0000000088800000| Untracked 
| 137|0x0000000088900000, 0x0000000088900000, 0x0000000088a00000|  0%| F|  |TAMS 0x0000000088900000, 0x0000000088900000| Untracked 
| 138|0x0000000088a00000, 0x0000000088a00000, 0x0000000088b00000|  0%| F|  |TAMS 0x0000000088a00000, 0x0000000088a00000| Untracked 
| 139|0x0000000088b00000, 0x0000000088b00000, 0x0000000088c00000|  0%| F|  |TAMS 0x0000000088b00000, 0x0000000088b00000| Untracked 
| 140|0x0000000088c00000, 0x0000000088c00000, 0x0000000088d00000|  0%| F|  |TAMS 0x0000000088c00000, 0x0000000088c00000| Untracked 
| 141|0x0000000088d00000, 0x0000000088d00000, 0x0000000088e00000|  0%| F|  |TAMS 0x0000000088d00000, 0x0000000088d00000| Untracked 
| 142|0x0000000088e00000, 0x0000000088e00000, 0x0000000088f00000|  0%| F|  |TAMS 0x0000000088e00000, 0x0000000088e00000| Untracked 
| 143|0x0000000088f00000, 0x0000000088f00000, 0x0000000089000000|  0%| F|  |TAMS 0x0000000088f00000, 0x0000000088f00000| Untracked 
| 144|0x0000000089000000, 0x0000000089000000, 0x0000000089100000|  0%| F|  |TAMS 0x0000000089000000, 0x0000000089000000| Untracked 
| 145|0x0000000089100000, 0x0000000089100000, 0x0000000089200000|  0%| F|  |TAMS 0x0000000089100000, 0x0000000089100000| Untracked 
| 146|0x0000000089200000, 0x0000000089200000, 0x0000000089300000|  0%| F|  |TAMS 0x0000000089200000, 0x0000000089200000| Untracked 
| 147|0x0000000089300000, 0x0000000089300000, 0x0000000089400000|  0%| F|  |TAMS 0x0000000089300000, 0x0000000089300000| Untracked 
| 148|0x0000000089400000, 0x0000000089400000, 0x0000000089500000|  0%| F|  |TAMS 0x0000000089400000, 0x0000000089400000| Untracked 
| 149|0x0000000089500000, 0x0000000089500000, 0x0000000089600000|  0%| F|  |TAMS 0x0000000089500000, 0x0000000089500000| Untracked 
| 150|0x0000000089600000, 0x0000000089600000, 0x0000000089700000|  0%| F|  |TAMS 0x0000000089600000, 0x0000000089600000| Untracked 
| 151|0x0000000089700000, 0x0000000089700000, 0x0000000089800000|  0%| F|  |TAMS 0x0000000089700000, 0x0000000089700000| Untracked 
| 152|0x0000000089800000, 0x0000000089800000, 0x0000000089900000|  0%| F|  |TAMS 0x0000000089800000, 0x0000000089800000| Untracked 
| 153|0x0000000089900000, 0x0000000089900000, 0x0000000089a00000|  0%| F|  |TAMS 0x0000000089900000, 0x0000000089900000| Untracked 
| 154|0x0000000089a00000, 0x0000000089a00000, 0x0000000089b00000|  0%| F|  |TAMS 0x0000000089a00000, 0x0000000089a00000| Untracked 
| 155|0x0000000089b00000, 0x0000000089b00000, 0x0000000089c00000|  0%| F|  |TAMS 0x0000000089b00000, 0x0000000089b00000| Untracked 
| 156|0x0000000089c00000, 0x0000000089c00000, 0x0000000089d00000|  0%| F|  |TAMS 0x0000000089c00000, 0x0000000089c00000| Untracked 
| 157|0x0000000089d00000, 0x0000000089d00000, 0x0000000089e00000|  0%| F|  |TAMS 0x0000000089d00000, 0x0000000089d00000| Untracked 
| 158|0x0000000089e00000, 0x0000000089e00000, 0x0000000089f00000|  0%| F|  |TAMS 0x0000000089e00000, 0x0000000089e00000| Untracked 
| 159|0x0000000089f00000, 0x0000000089f00000, 0x000000008a000000|  0%| F|  |TAMS 0x0000000089f00000, 0x0000000089f00000| Untracked 
| 160|0x000000008a000000, 0x000000008a000000, 0x000000008a100000|  0%| F|  |TAMS 0x000000008a000000, 0x000000008a000000| Untracked 
| 161|0x000000008a100000, 0x000000008a100000, 0x000000008a200000|  0%| F|  |TAMS 0x000000008a100000, 0x000000008a100000| Untracked 
| 162|0x000000008a200000, 0x000000008a200000, 0x000000008a300000|  0%| F|  |TAMS 0x000000008a200000, 0x000000008a200000| Untracked 
| 163|0x000000008a300000, 0x000000008a300000, 0x000000008a400000|  0%| F|  |TAMS 0x000000008a300000, 0x000000008a300000| Untracked 
| 164|0x000000008a400000, 0x000000008a400000, 0x000000008a500000|  0%| F|  |TAMS 0x000000008a400000, 0x000000008a400000| Untracked 
| 165|0x000000008a500000, 0x000000008a500000, 0x000000008a600000|  0%| F|  |TAMS 0x000000008a500000, 0x000000008a500000| Untracked 
| 166|0x000000008a600000, 0x000000008a600000, 0x000000008a700000|  0%| F|  |TAMS 0x000000008a600000, 0x000000008a600000| Untracked 
| 167|0x000000008a700000, 0x000000008a700000, 0x000000008a800000|  0%| F|  |TAMS 0x000000008a700000, 0x000000008a700000| Untracked 
| 168|0x000000008a800000, 0x000000008a800000, 0x000000008a900000|  0%| F|  |TAMS 0x000000008a800000, 0x000000008a800000| Untracked 
| 169|0x000000008a900000, 0x000000008a900000, 0x000000008aa00000|  0%| F|  |TAMS 0x000000008a900000, 0x000000008a900000| Untracked 
| 170|0x000000008aa00000, 0x000000008aa00000, 0x000000008ab00000|  0%| F|  |TAMS 0x000000008aa00000, 0x000000008aa00000| Untracked 
| 171|0x000000008ab00000, 0x000000008ab00000, 0x000000008ac00000|  0%| F|  |TAMS 0x000000008ab00000, 0x000000008ab00000| Untracked 
| 172|0x000000008ac00000, 0x000000008ac00000, 0x000000008ad00000|  0%| F|  |TAMS 0x000000008ac00000, 0x000000008ac00000| Untracked 
| 173|0x000000008ad00000, 0x000000008ad5d258, 0x000000008ae00000| 36%| S|CS|TAMS 0x000000008ad00000, 0x000000008ad00000| Complete 
| 174|0x000000008ae00000, 0x000000008af00000, 0x000000008af00000|100%| S|CS|TAMS 0x000000008ae00000, 0x000000008ae00000| Complete 
| 175|0x000000008af00000, 0x000000008b000000, 0x000000008b000000|100%| S|CS|TAMS 0x000000008af00000, 0x000000008af00000| Complete 
| 176|0x000000008b000000, 0x000000008b100000, 0x000000008b100000|100%| S|CS|TAMS 0x000000008b000000, 0x000000008b000000| Complete 
| 177|0x000000008b100000, 0x000000008b100000, 0x000000008b200000|  0%| F|  |TAMS 0x000000008b100000, 0x000000008b100000| Untracked 
| 178|0x000000008b200000, 0x000000008b200000, 0x000000008b300000|  0%| F|  |TAMS 0x000000008b200000, 0x000000008b200000| Untracked 
| 179|0x000000008b300000, 0x000000008b300000, 0x000000008b400000|  0%| F|  |TAMS 0x000000008b300000, 0x000000008b300000| Untracked 
| 180|0x000000008b400000, 0x000000008b400000, 0x000000008b500000|  0%| F|  |TAMS 0x000000008b400000, 0x000000008b400000| Untracked 
| 181|0x000000008b500000, 0x000000008b500000, 0x000000008b600000|  0%| F|  |TAMS 0x000000008b500000, 0x000000008b500000| Untracked 
| 182|0x000000008b600000, 0x000000008b600000, 0x000000008b700000|  0%| F|  |TAMS 0x000000008b600000, 0x000000008b600000| Untracked 
| 183|0x000000008b700000, 0x000000008b800000, 0x000000008b800000|100%| S|CS|TAMS 0x000000008b700000, 0x000000008b700000| Complete 
| 184|0x000000008b800000, 0x000000008b900000, 0x000000008b900000|100%| S|CS|TAMS 0x000000008b800000, 0x000000008b800000| Complete 
| 185|0x000000008b900000, 0x000000008ba00000, 0x000000008ba00000|100%| S|CS|TAMS 0x000000008b900000, 0x000000008b900000| Complete 
| 186|0x000000008ba00000, 0x000000008ba00000, 0x000000008bb00000|  0%| F|  |TAMS 0x000000008ba00000, 0x000000008ba00000| Untracked 
| 187|0x000000008bb00000, 0x000000008bb00000, 0x000000008bc00000|  0%| F|  |TAMS 0x000000008bb00000, 0x000000008bb00000| Untracked 
| 188|0x000000008bc00000, 0x000000008bc00000, 0x000000008bd00000|  0%| F|  |TAMS 0x000000008bc00000, 0x000000008bc00000| Untracked 
| 189|0x000000008bd00000, 0x000000008bd00000, 0x000000008be00000|  0%| F|  |TAMS 0x000000008bd00000, 0x000000008bd00000| Untracked 
| 190|0x000000008be00000, 0x000000008be00000, 0x000000008bf00000|  0%| F|  |TAMS 0x000000008be00000, 0x000000008be00000| Untracked 
| 191|0x000000008bf00000, 0x000000008bf00000, 0x000000008c000000|  0%| F|  |TAMS 0x000000008bf00000, 0x000000008bf00000| Untracked 
| 192|0x000000008c000000, 0x000000008c057760, 0x000000008c100000| 34%| E|  |TAMS 0x000000008c000000, 0x000000008c000000| Complete 
| 193|0x000000008c100000, 0x000000008c200000, 0x000000008c200000|100%| E|CS|TAMS 0x000000008c100000, 0x000000008c100000| Complete 
| 194|0x000000008c200000, 0x000000008c300000, 0x000000008c300000|100%| E|CS|TAMS 0x000000008c200000, 0x000000008c200000| Complete 
| 195|0x000000008c300000, 0x000000008c400000, 0x000000008c400000|100%| E|CS|TAMS 0x000000008c300000, 0x000000008c300000| Complete 
| 196|0x000000008c400000, 0x000000008c500000, 0x000000008c500000|100%| E|CS|TAMS 0x000000008c400000, 0x000000008c400000| Complete 
| 197|0x000000008c500000, 0x000000008c600000, 0x000000008c600000|100%| E|CS|TAMS 0x000000008c500000, 0x000000008c500000| Complete 
| 198|0x000000008c600000, 0x000000008c700000, 0x000000008c700000|100%| E|CS|TAMS 0x000000008c600000, 0x000000008c600000| Complete 
| 199|0x000000008c700000, 0x000000008c800000, 0x000000008c800000|100%| E|CS|TAMS 0x000000008c700000, 0x000000008c700000| Complete 
| 200|0x000000008c800000, 0x000000008c900000, 0x000000008c900000|100%| E|CS|TAMS 0x000000008c800000, 0x000000008c800000| Complete 
| 201|0x000000008c900000, 0x000000008ca00000, 0x000000008ca00000|100%| E|CS|TAMS 0x000000008c900000, 0x000000008c900000| Complete 
| 202|0x000000008ca00000, 0x000000008cb00000, 0x000000008cb00000|100%| E|CS|TAMS 0x000000008ca00000, 0x000000008ca00000| Complete 
| 203|0x000000008cb00000, 0x000000008cc00000, 0x000000008cc00000|100%| E|CS|TAMS 0x000000008cb00000, 0x000000008cb00000| Complete 
| 204|0x000000008cc00000, 0x000000008cd00000, 0x000000008cd00000|100%| E|CS|TAMS 0x000000008cc00000, 0x000000008cc00000| Complete 
| 205|0x000000008cd00000, 0x000000008ce00000, 0x000000008ce00000|100%| E|CS|TAMS 0x000000008cd00000, 0x000000008cd00000| Complete 
| 206|0x000000008ce00000, 0x000000008cf00000, 0x000000008cf00000|100%| E|CS|TAMS 0x000000008ce00000, 0x000000008ce00000| Complete 
| 207|0x000000008cf00000, 0x000000008d000000, 0x000000008d000000|100%| E|CS|TAMS 0x000000008cf00000, 0x000000008cf00000| Complete 
| 208|0x000000008d000000, 0x000000008d100000, 0x000000008d100000|100%| E|CS|TAMS 0x000000008d000000, 0x000000008d000000| Complete 
| 209|0x000000008d100000, 0x000000008d200000, 0x000000008d200000|100%| E|CS|TAMS 0x000000008d100000, 0x000000008d100000| Complete 
| 210|0x000000008d200000, 0x000000008d300000, 0x000000008d300000|100%| E|CS|TAMS 0x000000008d200000, 0x000000008d200000| Complete 
| 211|0x000000008d300000, 0x000000008d400000, 0x000000008d400000|100%| E|CS|TAMS 0x000000008d300000, 0x000000008d300000| Complete 
| 212|0x000000008d400000, 0x000000008d500000, 0x000000008d500000|100%| E|CS|TAMS 0x000000008d400000, 0x000000008d400000| Complete 
| 213|0x000000008d500000, 0x000000008d600000, 0x000000008d600000|100%| E|CS|TAMS 0x000000008d500000, 0x000000008d500000| Complete 
| 214|0x000000008d600000, 0x000000008d700000, 0x000000008d700000|100%| E|CS|TAMS 0x000000008d600000, 0x000000008d600000| Complete 
| 215|0x000000008d700000, 0x000000008d800000, 0x000000008d800000|100%| E|CS|TAMS 0x000000008d700000, 0x000000008d700000| Complete 
| 216|0x000000008d800000, 0x000000008d900000, 0x000000008d900000|100%| E|  |TAMS 0x000000008d800000, 0x000000008d800000| Complete 
| 217|0x000000008d900000, 0x000000008da00000, 0x000000008da00000|100%| E|CS|TAMS 0x000000008d900000, 0x000000008d900000| Complete 
| 218|0x000000008da00000, 0x000000008db00000, 0x000000008db00000|100%| E|CS|TAMS 0x000000008da00000, 0x000000008da00000| Complete 
| 219|0x000000008db00000, 0x000000008dc00000, 0x000000008dc00000|100%| E|CS|TAMS 0x000000008db00000, 0x000000008db00000| Complete 
| 220|0x000000008dc00000, 0x000000008dd00000, 0x000000008dd00000|100%| E|CS|TAMS 0x000000008dc00000, 0x000000008dc00000| Complete 
| 221|0x000000008dd00000, 0x000000008de00000, 0x000000008de00000|100%| E|CS|TAMS 0x000000008dd00000, 0x000000008dd00000| Complete 
| 222|0x000000008de00000, 0x000000008df00000, 0x000000008df00000|100%| E|CS|TAMS 0x000000008de00000, 0x000000008de00000| Complete 
| 223|0x000000008df00000, 0x000000008e000000, 0x000000008e000000|100%| E|CS|TAMS 0x000000008df00000, 0x000000008df00000| Complete 
| 224|0x000000008e000000, 0x000000008e100000, 0x000000008e100000|100%| E|CS|TAMS 0x000000008e000000, 0x000000008e000000| Complete 
| 225|0x000000008e100000, 0x000000008e200000, 0x000000008e200000|100%| E|CS|TAMS 0x000000008e100000, 0x000000008e100000| Complete 
| 226|0x000000008e200000, 0x000000008e300000, 0x000000008e300000|100%| E|CS|TAMS 0x000000008e200000, 0x000000008e200000| Complete 
| 227|0x000000008e300000, 0x000000008e400000, 0x000000008e400000|100%| E|CS|TAMS 0x000000008e300000, 0x000000008e300000| Complete 
| 228|0x000000008e400000, 0x000000008e500000, 0x000000008e500000|100%| E|CS|TAMS 0x000000008e400000, 0x000000008e400000| Complete 
| 229|0x000000008e500000, 0x000000008e600000, 0x000000008e600000|100%| E|CS|TAMS 0x000000008e500000, 0x000000008e500000| Complete 
| 230|0x000000008e600000, 0x000000008e700000, 0x000000008e700000|100%| E|CS|TAMS 0x000000008e600000, 0x000000008e600000| Complete 
| 231|0x000000008e700000, 0x000000008e800000, 0x000000008e800000|100%| E|CS|TAMS 0x000000008e700000, 0x000000008e700000| Complete 
| 232|0x000000008e800000, 0x000000008e900000, 0x000000008e900000|100%| E|CS|TAMS 0x000000008e800000, 0x000000008e800000| Complete 
| 233|0x000000008e900000, 0x000000008ea00000, 0x000000008ea00000|100%| E|CS|TAMS 0x000000008e900000, 0x000000008e900000| Complete 
| 234|0x000000008ea00000, 0x000000008eb00000, 0x000000008eb00000|100%| E|CS|TAMS 0x000000008ea00000, 0x000000008ea00000| Complete 
| 235|0x000000008eb00000, 0x000000008ec00000, 0x000000008ec00000|100%| E|CS|TAMS 0x000000008eb00000, 0x000000008eb00000| Complete 
| 236|0x000000008ec00000, 0x000000008ed00000, 0x000000008ed00000|100%| E|CS|TAMS 0x000000008ec00000, 0x000000008ec00000| Complete 
| 237|0x000000008ed00000, 0x000000008ee00000, 0x000000008ee00000|100%| E|CS|TAMS 0x000000008ed00000, 0x000000008ed00000| Complete 
| 238|0x000000008ee00000, 0x000000008ef00000, 0x000000008ef00000|100%| E|CS|TAMS 0x000000008ee00000, 0x000000008ee00000| Complete 
| 239|0x000000008ef00000, 0x000000008f000000, 0x000000008f000000|100%| E|CS|TAMS 0x000000008ef00000, 0x000000008ef00000| Complete 
| 240|0x000000008f000000, 0x000000008f100000, 0x000000008f100000|100%| E|CS|TAMS 0x000000008f000000, 0x000000008f000000| Complete 
| 241|0x000000008f100000, 0x000000008f200000, 0x000000008f200000|100%| E|CS|TAMS 0x000000008f100000, 0x000000008f100000| Complete 
| 242|0x000000008f200000, 0x000000008f300000, 0x000000008f300000|100%| E|CS|TAMS 0x000000008f200000, 0x000000008f200000| Complete 
| 243|0x000000008f300000, 0x000000008f400000, 0x000000008f400000|100%| E|CS|TAMS 0x000000008f300000, 0x000000008f300000| Complete 
| 244|0x000000008f400000, 0x000000008f500000, 0x000000008f500000|100%| E|CS|TAMS 0x000000008f400000, 0x000000008f400000| Complete 
| 245|0x000000008f500000, 0x000000008f600000, 0x000000008f600000|100%| E|CS|TAMS 0x000000008f500000, 0x000000008f500000| Complete 

Card table byte_map: [0x000001f7eac60000,0x000001f7eb060000] _byte_map_base: 0x000001f7ea860000

Marking Bits (Prev, Next): (CMBitMap*) 0x000001f7d782f2d0, (CMBitMap*) 0x000001f7d782f298
 Prev Bits: [0x000001f7ed460000, 0x000001f7ef460000)
 Next Bits: [0x000001f7eb460000, 0x000001f7ed460000)

Polling page: 0x000001f7d6fd0000

Metaspace:

Usage:
  Non-class:     89.39 MB capacity,    87.50 MB ( 98%) used,     1.64 MB (  2%) free+waste,   260.00 KB ( <1%) overhead. 
      Class:     13.41 MB capacity,    12.46 MB ( 93%) used,   852.87 KB (  6%) free+waste,   120.94 KB ( <1%) overhead. 
       Both:    102.80 MB capacity,    99.96 MB ( 97%) used,     2.47 MB (  2%) free+waste,   380.94 KB ( <1%) overhead. 

Virtual space:
  Non-class space:       90.00 MB reserved,      89.79 MB (>99%) committed 
      Class space:        1.00 GB reserved,      13.75 MB (  1%) committed 
             Both:        1.09 GB reserved,     103.54 MB (  9%) committed 

Chunk freelists:
   Non-Class:  402.00 KB
       Class:  256.00 KB
        Both:  658.00 KB

MaxMetaspaceSize: 17179869184.00 GB
CompressedClassSpaceSize: 1.00 GB
Initial GC threshold: 20.80 MB
Current GC threshold: 165.68 MB
CDS: off

CodeHeap 'non-profiled nmethods': size=120000Kb used=7813Kb max_used=7813Kb free=112186Kb
 bounds [0x000001f7e2de0000, 0x000001f7e3590000, 0x000001f7ea310000]
CodeHeap 'profiled nmethods': size=120000Kb used=25357Kb max_used=25357Kb free=94642Kb
 bounds [0x000001f7db8b0000, 0x000001f7dd180000, 0x000001f7e2de0000]
CodeHeap 'non-nmethods': size=5760Kb used=2387Kb max_used=2432Kb free=3372Kb
 bounds [0x000001f7db310000, 0x000001f7db580000, 0x000001f7db8b0000]
 total_blobs=12314 nmethods=11406 adapters=820
 compilation: enabled
              stopped_count=0, restarted_count=0
 full_count=0

Compilation events (20 events):
Event: 282.335 Thread 0x000001f7f2a3f800 nmethod 11446 0x000001f7dd16f710 code [0x000001f7dd16f8c0, 0x000001f7dd16f9b8]
Event: 282.342 Thread 0x000001f7f2a3f800 11448       3       groovyjarjarasm.asm.ByteVector::enlarge (51 bytes)
Event: 282.342 Thread 0x000001f7f2a3f800 nmethod 11448 0x000001f7dd16fa90 code [0x000001f7dd16fc60, 0x000001f7dd16ff68]
Event: 282.356 Thread 0x000001f7f4b5c800 nmethod 11436 0x000001f7e357b410 code [0x000001f7e357b640, 0x000001f7e357cb40]
Event: 282.356 Thread 0x000001f7f4b5c800 11439       4       org.gradle.internal.service.DefaultServiceRegistry$SingletonService::get (5 bytes)
Event: 282.361 Thread 0x000001f7f4b5c800 nmethod 11439 0x000001f7e357d090 code [0x000001f7e357d260, 0x000001f7e357d790]
Event: 282.361 Thread 0x000001f7f4b5c800 11440   !   4       org.gradle.internal.service.DefaultServiceRegistry$ManagedObjectServiceProvider::getInstance (81 bytes)
Event: 282.367 Thread 0x000001f7f4b5c800 nmethod 11440 0x000001f7e357d990 code [0x000001f7e357db60, 0x000001f7e357e090]
Event: 282.374 Thread 0x000001f7f4f27800 nmethod 11437 0x000001f7e357e290 code [0x000001f7e357e4c0, 0x000001f7e357f788]
Event: 282.393 Thread 0x000001f7f2a3f800 11449       3       java.net.URLConnection::setUseCaches (10 bytes)
Event: 282.394 Thread 0x000001f7f2a3f800 nmethod 11449 0x000001f7dd170090 code [0x000001f7dd170260, 0x000001f7dd1704e8]
Event: 282.394 Thread 0x000001f7f2a3f800 11450       3       java.net.URLConnection::checkConnected (18 bytes)
Event: 282.394 Thread 0x000001f7f2a3f800 nmethod 11450 0x000001f7dd170610 code [0x000001f7dd1707e0, 0x000001f7dd1709e8]
Event: 282.406 Thread 0x000001f7f4b5c800 11451       4       org.codehaus.groovy.util.FastArray::copy (31 bytes)
Event: 282.409 Thread 0x000001f7f4b5c800 nmethod 11451 0x000001f7e3580210 code [0x000001f7e35803c0, 0x000001f7e35805d8]
Event: 282.409 Thread 0x000001f7f4f27800 11452       4       org.codehaus.groovy.util.ComplexKeyHashMap$1::nextEntry (69 bytes)
Event: 282.412 Thread 0x000001f7f4f27800 nmethod 11452 0x000001f7e3580710 code [0x000001f7e35808a0, 0x000001f7e3580b18]
Event: 282.415 Thread 0x000001f7f4b5c800 11453 %     4       org.codehaus.groovy.runtime.metaclass.MetaMethodIndex::resize @ 32 (103 bytes)
Event: 282.415 Thread 0x000001f7f2a3f800 11454       3       org.codehaus.groovy.reflection.CachedMethod::compareToCachedMethod (160 bytes)
Event: 282.417 Thread 0x000001f7f2a3f800 nmethod 11454 0x000001f7dd170b10 code [0x000001f7dd170e60, 0x000001f7dd172128]

GC Heap History (20 events):
Event: 7.293 GC heap before
{Heap before GC invocations=10 (full 0):
 garbage-first heap   total 251904K, used 166272K [0x0000000080000000, 0x0000000100000000)
  region size 1024K, 86 young (88064K), 4 survivors (4096K)
 Metaspace       used 64938K, capacity 66588K, committed 66852K, reserved 1107968K
  class space    used 8360K, capacity 8914K, committed 8960K, reserved 1048576K
}
Event: 7.298 GC heap after
{Heap after GC invocations=11 (full 0):
 garbage-first heap   total 251904K, used 86373K [0x0000000080000000, 0x0000000100000000)
  region size 1024K, 9 young (9216K), 9 survivors (9216K)
 Metaspace       used 64938K, capacity 66588K, committed 66852K, reserved 1107968K
  class space    used 8360K, capacity 8914K, committed 8960K, reserved 1048576K
}
Event: 8.109 GC heap before
{Heap before GC invocations=11 (full 0):
 garbage-first heap   total 251904K, used 194917K [0x0000000080000000, 0x0000000100000000)
  region size 1024K, 93 young (95232K), 9 survivors (9216K)
 Metaspace       used 71108K, capacity 72979K, committed 73124K, reserved 1112064K
  class space    used 9124K, capacity 9755K, committed 9856K, reserved 1048576K
}
Event: 8.117 GC heap after
{Heap after GC invocations=12 (full 0):
 garbage-first heap   total 251904K, used 121464K [0x0000000080000000, 0x0000000100000000)
  region size 1024K, 12 young (12288K), 12 survivors (12288K)
 Metaspace       used 71108K, capacity 72979K, committed 73124K, reserved 1112064K
  class space    used 9124K, capacity 9755K, committed 9856K, reserved 1048576K
}
Event: 8.495 GC heap before
{Heap before GC invocations=12 (full 0):
 garbage-first heap   total 251904K, used 189048K [0x0000000080000000, 0x0000000100000000)
  region size 1024K, 78 young (79872K), 12 survivors (12288K)
 Metaspace       used 74062K, capacity 76043K, committed 76324K, reserved 1116160K
  class space    used 9534K, capacity 10193K, committed 10240K, reserved 1048576K
}
Event: 8.501 GC heap after
{Heap after GC invocations=13 (full 0):
 garbage-first heap   total 251904K, used 123826K [0x0000000080000000, 0x0000000100000000)
  region size 1024K, 3 young (3072K), 3 survivors (3072K)
 Metaspace       used 74062K, capacity 76043K, committed 76324K, reserved 1116160K
  class space    used 9534K, capacity 10193K, committed 10240K, reserved 1048576K
}
Event: 9.112 GC heap before
{Heap before GC invocations=13 (full 0):
 garbage-first heap   total 251904K, used 192434K [0x0000000080000000, 0x0000000100000000)
  region size 1024K, 70 young (71680K), 3 survivors (3072K)
 Metaspace       used 79170K, capacity 81267K, committed 81444K, reserved 1120256K
  class space    used 10242K, capacity 10935K, committed 11008K, reserved 1048576K
}
Event: 9.117 GC heap after
{Heap after GC invocations=14 (full 0):
 garbage-first heap   total 251904K, used 127107K [0x0000000080000000, 0x0000000100000000)
  region size 1024K, 6 young (6144K), 6 survivors (6144K)
 Metaspace       used 79170K, capacity 81267K, committed 81444K, reserved 1120256K
  class space    used 10242K, capacity 10935K, committed 11008K, reserved 1048576K
}
Event: 9.787 GC heap before
{Heap before GC invocations=15 (full 0):
 garbage-first heap   total 251904K, used 196739K [0x0000000080000000, 0x0000000100000000)
  region size 1024K, 74 young (75776K), 6 survivors (6144K)
 Metaspace       used 83488K, capacity 85522K, committed 85796K, reserved 1124352K
  class space    used 10821K, capacity 11492K, committed 11520K, reserved 1048576K
}
Event: 9.791 GC heap after
{Heap after GC invocations=16 (full 0):
 garbage-first heap   total 251904K, used 129828K [0x0000000080000000, 0x0000000100000000)
  region size 1024K, 8 young (8192K), 8 survivors (8192K)
 Metaspace       used 83488K, capacity 85522K, committed 85796K, reserved 1124352K
  class space    used 10821K, capacity 11492K, committed 11520K, reserved 1048576K
}
Event: 9.898 GC heap before
{Heap before GC invocations=16 (full 0):
 garbage-first heap   total 251904K, used 144164K [0x0000000080000000, 0x0000000100000000)
  region size 1024K, 23 young (23552K), 8 survivors (8192K)
 Metaspace       used 84385K, capacity 86392K, committed 86692K, reserved 1124352K
  class space    used 10925K, capacity 11589K, committed 11648K, reserved 1048576K
}
Event: 9.903 GC heap after
{Heap after GC invocations=17 (full 0):
 garbage-first heap   total 251904K, used 130522K [0x0000000080000000, 0x0000000100000000)
  region size 1024K, 4 young (4096K), 4 survivors (4096K)
 Metaspace       used 84385K, capacity 86392K, committed 86692K, reserved 1124352K
  class space    used 10925K, capacity 11589K, committed 11648K, reserved 1048576K
}
Event: 11.165 GC heap before
{Heap before GC invocations=18 (full 0):
 garbage-first heap   total 251904K, used 189914K [0x0000000080000000, 0x0000000100000000)
  region size 1024K, 62 young (63488K), 4 survivors (4096K)
 Metaspace       used 89763K, capacity 92298K, committed 92452K, reserved 1130496K
  class space    used 11588K, capacity 12521K, committed 12544K, reserved 1048576K
}
Event: 11.172 GC heap after
{Heap after GC invocations=19 (full 0):
 garbage-first heap   total 251904K, used 133587K [0x0000000080000000, 0x0000000100000000)
  region size 1024K, 7 young (7168K), 7 survivors (7168K)
 Metaspace       used 89763K, capacity 92298K, committed 92452K, reserved 1130496K
  class space    used 11588K, capacity 12521K, committed 12544K, reserved 1048576K
}
Event: 11.381 GC heap before
{Heap before GC invocations=19 (full 0):
 garbage-first heap   total 251904K, used 192979K [0x0000000080000000, 0x0000000100000000)
  region size 1024K, 66 young (67584K), 7 survivors (7168K)
 Metaspace       used 90135K, capacity 92650K, committed 92708K, reserved 1130496K
  class space    used 11593K, capacity 12524K, committed 12544K, reserved 1048576K
}
Event: 11.390 GC heap after
{Heap after GC invocations=20 (full 0):
 garbage-first heap   total 251904K, used 136853K [0x0000000080000000, 0x0000000100000000)
  region size 1024K, 8 young (8192K), 8 survivors (8192K)
 Metaspace       used 90135K, capacity 92650K, committed 92708K, reserved 1130496K
  class space    used 11593K, capacity 12524K, committed 12544K, reserved 1048576K
}
Event: 11.871 GC heap before
{Heap before GC invocations=21 (full 0):
 garbage-first heap   total 251904K, used 197269K [0x0000000080000000, 0x0000000100000000)
  region size 1024K, 68 young (69632K), 8 survivors (8192K)
 Metaspace       used 93131K, capacity 95790K, committed 95908K, reserved 1132544K
  class space    used 11948K, capacity 12903K, committed 12928K, reserved 1048576K
}
Event: 11.877 GC heap after
{Heap after GC invocations=22 (full 0):
 garbage-first heap   total 251904K, used 139945K [0x0000000080000000, 0x0000000100000000)
  region size 1024K, 7 young (7168K), 7 survivors (7168K)
 Metaspace       used 93131K, capacity 95790K, committed 95908K, reserved 1132544K
  class space    used 11948K, capacity 12903K, committed 12928K, reserved 1048576K
}
Event: 65.117 GC heap before
{Heap before GC invocations=22 (full 0):
 garbage-first heap   total 251904K, used 200361K [0x0000000080000000, 0x0000000100000000)
  region size 1024K, 67 young (68608K), 7 survivors (7168K)
 Metaspace       used 98357K, capacity 101447K, committed 101796K, reserved 1138688K
  class space    used 12496K, capacity 13598K, committed 13696K, reserved 1048576K
}
Event: 65.122 GC heap after
{Heap after GC invocations=23 (full 0):
 garbage-first heap   total 251904K, used 142579K [0x0000000080000000, 0x0000000100000000)
  region size 1024K, 7 young (7168K), 7 survivors (7168K)
 Metaspace       used 98357K, capacity 101447K, committed 101796K, reserved 1138688K
  class space    used 12496K, capacity 13598K, committed 13696K, reserved 1048576K
}

Deoptimization events (20 events):
Event: 281.846 Thread 0x000001f7f8407000 DEOPT PACKING pc=0x000001f7e35139e8 sp=0x000000ab392f7da0
Event: 281.846 Thread 0x000001f7f8407000 DEOPT UNPACKING pc=0x000001f7db35a1af sp=0x000000ab392f7ad0 mode 2
Event: 282.145 Thread 0x000001f7f8407000 Uncommon trap: trap_request=0xffffff4d fr.pc=0x000001f7e33d6c00 relative=0x0000000000001b60
Event: 282.145 Thread 0x000001f7f8407000 Uncommon trap: reason=unstable_if action=reinterpret pc=0x000001f7e33d6c00 method=com.google.common.collect.MapMakerInternalMap$Segment.drainKeyReferenceQueue(Ljava/lang/ref/ReferenceQueue;)V @ 8 c2
Event: 282.145 Thread 0x000001f7f8407000 DEOPT PACKING pc=0x000001f7e33d6c00 sp=0x000000ab392fa600
Event: 282.146 Thread 0x000001f7f8407000 DEOPT UNPACKING pc=0x000001f7db35a1af sp=0x000000ab392fa2b0 mode 2
Event: 282.158 Thread 0x000001f7f5597000 Uncommon trap: trap_request=0xffffff4d fr.pc=0x000001f7e32f7e00 relative=0x00000000000021a0
Event: 282.158 Thread 0x000001f7f5597000 Uncommon trap: reason=unstable_if action=reinterpret pc=0x000001f7e32f7e00 method=org.objectweb.asm.Handler.getExceptionTableLength(Lorg/objectweb/asm/Handler;)I @ 5 c2
Event: 282.158 Thread 0x000001f7f5597000 DEOPT PACKING pc=0x000001f7e32f7e00 sp=0x000000ab3b0fe960
Event: 282.158 Thread 0x000001f7f5597000 DEOPT UNPACKING pc=0x000001f7db35a1af sp=0x000000ab3b0fe820 mode 2
Event: 282.289 Thread 0x000001f7f8407000 DEOPT PACKING pc=0x000001f7dc3bfdcd sp=0x000000ab392fad30
Event: 282.289 Thread 0x000001f7f8407000 DEOPT UNPACKING pc=0x000001f7db35a95e sp=0x000000ab392fa2d0 mode 0
Event: 282.328 Thread 0x000001f7f8407000 Uncommon trap: trap_request=0xffffff4d fr.pc=0x000001f7e31df0cc relative=0x0000000000000cac
Event: 282.329 Thread 0x000001f7f8407000 Uncommon trap: reason=unstable_if action=reinterpret pc=0x000001f7e31df0cc method=java.lang.ClassValue.match(Ljava/lang/ClassValue$Entry;)Z @ 12 c2
Event: 282.329 Thread 0x000001f7f8407000 DEOPT PACKING pc=0x000001f7e31df0cc sp=0x000000ab392f9710
Event: 282.329 Thread 0x000001f7f8407000 DEOPT UNPACKING pc=0x000001f7db35a1af sp=0x000000ab392f94d8 mode 2
Event: 282.361 Thread 0x000001f7f8407000 Uncommon trap: trap_request=0xffffff4d fr.pc=0x000001f7e2fa3380 relative=0x0000000000002100
Event: 282.361 Thread 0x000001f7f8407000 Uncommon trap: reason=unstable_if action=reinterpret pc=0x000001f7e2fa3380 method=java.lang.ClassValue.match(Ljava/lang/ClassValue$Entry;)Z @ 12 c2
Event: 282.361 Thread 0x000001f7f8407000 DEOPT PACKING pc=0x000001f7e2fa3380 sp=0x000000ab392f9a40
Event: 282.361 Thread 0x000001f7f8407000 DEOPT UNPACKING pc=0x000001f7db35a1af sp=0x000000ab392f9778 mode 2

Classes redefined (0 events):
No events

Internal exceptions (20 events):
Event: 281.740 Thread 0x000001f7f8407000 Exception <a 'java/lang/ClassNotFoundException'{0x000000008d3ccb18}: ijinit1_31uvijzczcgxw1egdkf7snzku$_run_closure1BeanInfo> (0x000000008d3ccb18) thrown at [./src/hotspot/share/classfile/systemDictionary.cpp, line 231]
Event: 281.740 Thread 0x000001f7f8407000 Exception <a 'java/lang/ClassNotFoundException'{0x000000008d3d2fa8}: ijinit1_31uvijzczcgxw1egdkf7snzku$_run_closure1Customizer> (0x000000008d3d2fa8) thrown at [./src/hotspot/share/classfile/systemDictionary.cpp, line 231]
Event: 282.168 Thread 0x000001f7f5597000 Exception <a 'sun/nio/fs/WindowsException'{0x000000008c7e7a60}> (0x000000008c7e7a60) thrown at [./src/hotspot/share/prims/jni.cpp, line 616]
Event: 282.172 Thread 0x000001f7f5597000 Exception <a 'sun/nio/fs/WindowsException'{0x000000008c7e7c40}> (0x000000008c7e7c40) thrown at [./src/hotspot/share/prims/jni.cpp, line 616]
Event: 282.291 Thread 0x000001f7f8407000 Exception <a 'java/lang/ClassNotFoundException'{0x000000008c670be0}: ijinit1_31uvijzczcgxw1egdkf7snzkuBeanInfo> (0x000000008c670be0) thrown at [./src/hotspot/share/classfile/systemDictionary.cpp, line 231]
Event: 282.313 Thread 0x000001f7f8407000 Exception <a 'java/lang/ClassNotFoundException'{0x000000008c679ff0}: ijinit1_31uvijzczcgxw1egdkf7snzkuCustomizer> (0x000000008c679ff0) thrown at [./src/hotspot/share/classfile/systemDictionary.cpp, line 231]
Event: 282.330 Thread 0x000001f7f8407000 Exception <a 'java/lang/ClassNotFoundException'{0x000000008c6c10c8}: JetGradlePluginBeanInfo> (0x000000008c6c10c8) thrown at [./src/hotspot/share/classfile/systemDictionary.cpp, line 231]
Event: 282.331 Thread 0x000001f7f8407000 Exception <a 'java/lang/ClassNotFoundException'{0x000000008c6cb780}: JetGradlePluginCustomizer> (0x000000008c6cb780) thrown at [./src/hotspot/share/classfile/systemDictionary.cpp, line 231]
Event: 282.351 Thread 0x000001f7f8407000 Exception <a 'java/lang/ClassNotFoundException'{0x000000008c508588}: org/jetbrains/plugins/gradle/model/internal/DummyModelBeanInfo> (0x000000008c508588) thrown at [./src/hotspot/share/classfile/systemDictionary.cpp, line 231]
Event: 282.353 Thread 0x000001f7f8407000 Exception <a 'java/lang/ClassNotFoundException'{0x000000008c513a80}: org/jetbrains/plugins/gradle/model/internal/DummyModelCustomizer> (0x000000008c513a80) thrown at [./src/hotspot/share/classfile/systemDictionary.cpp, line 231]
Event: 282.362 Thread 0x000001f7f8407000 Exception <a 'java/lang/ClassNotFoundException'{0x000000008c55d4f8}: org/jetbrains/plugins/gradle/tooling/internal/ExtraModelBuilderBeanInfo> (0x000000008c55d4f8) thrown at [./src/hotspot/share/classfile/systemDictionary.cpp, line 231]
Event: 282.362 Thread 0x000001f7f8407000 Exception <a 'java/lang/ClassNotFoundException'{0x000000008c567a88}: org/jetbrains/plugins/gradle/tooling/internal/ExtraModelBuilderCustomizer> (0x000000008c567a88) thrown at [./src/hotspot/share/classfile/systemDictionary.cpp, line 231]
Event: 282.369 Thread 0x000001f7f8407000 Exception <a 'java/lang/ClassNotFoundException'{0x000000008c597c70}: org/jetbrains/plugins/gradle/tooling/internal/ExtraModelBuilder$ForGradle44BeanInfo> (0x000000008c597c70) thrown at [./src/hotspot/share/classfile/systemDictionary.cpp, line 231]
Event: 282.369 Thread 0x000001f7f8407000 Exception <a 'java/lang/ClassNotFoundException'{0x000000008c5a28a0}: org/jetbrains/plugins/gradle/tooling/internal/ExtraModelBuilder$ForGradle44Customizer> (0x000000008c5a28a0) thrown at [./src/hotspot/share/classfile/systemDictionary.cpp, line 231]
Event: 282.408 Thread 0x000001f7f8407000 Exception <a 'java/lang/ClassNotFoundException'{0x000000008c261e70}: org/jetbrains/plugins/gradle/tooling/builder/WarModelBuilderImplBeanInfo> (0x000000008c261e70) thrown at [./src/hotspot/share/classfile/systemDictionary.cpp, line 231]
Event: 282.408 Thread 0x000001f7f8407000 Exception <a 'java/lang/ClassNotFoundException'{0x000000008c26db50}: org/jetbrains/plugins/gradle/tooling/AbstractModelBuilderServiceBeanInfo> (0x000000008c26db50) thrown at [./src/hotspot/share/classfile/systemDictionary.cpp, line 231]
Event: 282.408 Thread 0x000001f7f8407000 Exception <a 'java/lang/ClassNotFoundException'{0x000000008c2796c8}: org/jetbrains/plugins/gradle/tooling/AbstractModelBuilderServiceCustomizer> (0x000000008c2796c8) thrown at [./src/hotspot/share/classfile/systemDictionary.cpp, line 231]
Event: 282.409 Thread 0x000001f7f8407000 Exception <a 'java/lang/ClassNotFoundException'{0x000000008c288360}: org/jetbrains/plugins/gradle/tooling/builder/WarModelBuilderImplCustomizer> (0x000000008c288360) thrown at [./src/hotspot/share/classfile/systemDictionary.cpp, line 231]
Event: 282.416 Thread 0x000001f7f8407000 Exception <a 'java/lang/ClassNotFoundException'{0x000000008c2e0708}: org/jetbrains/plugins/gradle/tooling/builder/EarModelBuilderImplBeanInfo> (0x000000008c2e0708) thrown at [./src/hotspot/share/classfile/systemDictionary.cpp, line 231]
Event: 282.418 Thread 0x000001f7f8407000 Exception <a 'java/lang/ClassNotFoundException'{0x000000008c2ec540}: org/jetbrains/plugins/gradle/tooling/builder/EarModelBuilderImplCustomizer> (0x000000008c2ec540) thrown at [./src/hotspot/share/classfile/systemDictionary.cpp, line 231]

Events (20 events):
Event: 282.413 loading class org/jetbrains/plugins/gradle/tooling/util/SourceSetCachedFinder
Event: 282.413 loading class org/jetbrains/plugins/gradle/tooling/util/SourceSetCachedFinder done
Event: 282.414 loading class groovy/runtime/metaclass/org/jetbrains/plugins/gradle/tooling/builder/EarModelBuilderImplMetaClass
Event: 282.414 loading class groovy/runtime/metaclass/org/jetbrains/plugins/gradle/tooling/builder/EarModelBuilderImplMetaClass done
Event: 282.415 loading class org/gradle/api/artifacts/Configuration
Event: 282.415 loading class org/gradle/api/artifacts/Configuration done
Event: 282.415 loading class org/gradle/api/java/archives/Manifest
Event: 282.415 loading class org/gradle/api/java/archives/Manifest done
Event: 282.416 loading class org/jetbrains/plugins/gradle/tooling/builder/EarModelBuilderImplBeanInfo
Event: 282.416 loading class org/jetbrains/plugins/gradle/tooling/builder/EarModelBuilderImplBeanInfo done
Event: 282.416 loading class org/jetbrains/plugins/gradle/tooling/builder/EarModelBuilderImplBeanInfo
Event: 282.416 loading class org/jetbrains/plugins/gradle/tooling/builder/EarModelBuilderImplBeanInfo done
Event: 282.416 loading class org/jetbrains/plugins/gradle/tooling/builder/EarModelBuilderImplCustomizer
Event: 282.416 loading class org/jetbrains/plugins/gradle/tooling/builder/EarModelBuilderImplCustomizer done
Event: 282.418 loading class org/jetbrains/plugins/gradle/tooling/builder/EarModelBuilderImplCustomizer
Event: 282.418 loading class org/jetbrains/plugins/gradle/tooling/builder/EarModelBuilderImplCustomizer done
Event: 282.419 loading class org/jetbrains/plugins/gradle/model/ear/EarConfiguration$EarResource
Event: 282.419 loading class org/jetbrains/plugins/gradle/model/ear/EarConfiguration$EarResource done
Event: 282.421 loading class org/jetbrains/plugins/gradle/tooling/builder/ModelBuildScriptClasspathBuilderImpl
Event: 282.421 loading class org/jetbrains/plugins/gradle/tooling/builder/ModelBuildScriptClasspathBuilderImpl done


Dynamic libraries:
0x00007ff7e0b80000 - 0x00007ff7e0b8a000 	C:\Program Files\Android\Android Studio\jre\bin\java.exe
0x00007ffdaf2a0000 - 0x00007ffdaf4a9000 	C:\Windows\SYSTEM32\ntdll.dll
0x00007ffdae030000 - 0x00007ffdae0ed000 	C:\Windows\System32\KERNEL32.DLL
0x00007ffdaca10000 - 0x00007ffdacd8c000 	C:\Windows\System32\KERNELBASE.dll
0x00007ffdac8f0000 - 0x00007ffdaca01000 	C:\Windows\System32\ucrtbase.dll
0x00007ffda5500000 - 0x00007ffda5519000 	C:\Program Files\Android\Android Studio\jre\bin\jli.dll
0x00007ffdaec00000 - 0x00007ffdaedad000 	C:\Windows\System32\USER32.dll
0x00007ffda9000000 - 0x00007ffda9017000 	C:\Program Files\Android\Android Studio\jre\bin\VCRUNTIME140.dll
0x00007ffdace30000 - 0x00007ffdace56000 	C:\Windows\System32\win32u.dll
0x00007ffd8e2b0000 - 0x00007ffd8e555000 	C:\Windows\WinSxS\amd64_microsoft.windows.common-controls_6595b64144ccf1df_6.0.22000.120_none_9d947278b86cc467\COMCTL32.dll
0x00007ffdaef80000 - 0x00007ffdaefa9000 	C:\Windows\System32\GDI32.dll
0x00007ffdacee0000 - 0x00007ffdacff9000 	C:\Windows\System32\gdi32full.dll
0x00007ffdaefd0000 - 0x00007ffdaf073000 	C:\Windows\System32\msvcrt.dll
0x00007ffdacd90000 - 0x00007ffdace2d000 	C:\Windows\System32\msvcp_win.dll
0x00007ffdaea50000 - 0x00007ffdaea81000 	C:\Windows\System32\IMM32.DLL
0x00007ffd85650000 - 0x00007ffd856ed000 	C:\Program Files\Android\Android Studio\jre\bin\msvcp140.dll
0x00007ffd58470000 - 0x00007ffd58f72000 	C:\Program Files\Android\Android Studio\jre\bin\server\jvm.dll
0x00007ffdad130000 - 0x00007ffdad1de000 	C:\Windows\System32\ADVAPI32.dll
0x00007ffdadad0000 - 0x00007ffdadb6e000 	C:\Windows\System32\sechost.dll
0x00007ffdadd90000 - 0x00007ffdadeb0000 	C:\Windows\System32\RPCRT4.dll
0x00007ffdaf080000 - 0x00007ffdaf088000 	C:\Windows\System32\PSAPI.DLL
0x00007ffd7bb90000 - 0x00007ffd7bb99000 	C:\Windows\SYSTEM32\WSOCK32.dll
0x00007ffda79d0000 - 0x00007ffda7a03000 	C:\Windows\SYSTEM32\WINMM.dll
0x00007ffda69a0000 - 0x00007ffda69aa000 	C:\Windows\SYSTEM32\VERSION.dll
0x00007ffdaeb90000 - 0x00007ffdaebff000 	C:\Windows\System32\WS2_32.dll
0x00007ffdab920000 - 0x00007ffdab938000 	C:\Windows\SYSTEM32\kernel.appcore.dll
0x00007ffd6f000000 - 0x00007ffd6f011000 	C:\Program Files\Android\Android Studio\jre\bin\verify.dll
0x00007ffd9f760000 - 0x00007ffd9f981000 	C:\Windows\SYSTEM32\DBGHELP.DLL
0x00007ffd9f440000 - 0x00007ffd9f471000 	C:\Windows\SYSTEM32\dbgcore.DLL
0x00007ffdace60000 - 0x00007ffdacedf000 	C:\Windows\System32\bcryptPrimitives.dll
0x00007ffd6efd0000 - 0x00007ffd6eff9000 	C:\Program Files\Android\Android Studio\jre\bin\java.dll
0x00007ffd7bb80000 - 0x00007ffd7bb8b000 	C:\Program Files\Android\Android Studio\jre\bin\jimage.dll
0x00007ffd6e890000 - 0x00007ffd6e8a8000 	C:\Program Files\Android\Android Studio\jre\bin\zip.dll
0x00007ffdae290000 - 0x00007ffdaea48000 	C:\Windows\System32\SHELL32.dll
0x00007ffdaa8b0000 - 0x00007ffdab118000 	C:\Windows\SYSTEM32\windows.storage.dll
0x00007ffdad1e0000 - 0x00007ffdad559000 	C:\Windows\System32\combase.dll
0x00007ffdaa740000 - 0x00007ffdaa8a6000 	C:\Windows\SYSTEM32\wintypes.dll
0x00007ffdaedb0000 - 0x00007ffdaee9a000 	C:\Windows\System32\SHCORE.dll
0x00007ffdaeea0000 - 0x00007ffdaeefd000 	C:\Windows\System32\shlwapi.dll
0x00007ffdac6b0000 - 0x00007ffdac6d1000 	C:\Windows\SYSTEM32\profapi.dll
0x00007ffd6c650000 - 0x00007ffd6c66a000 	C:\Program Files\Android\Android Studio\jre\bin\net.dll
0x00007ffda7800000 - 0x00007ffda790c000 	C:\Windows\SYSTEM32\WINHTTP.dll
0x00007ffdabd40000 - 0x00007ffdabda7000 	C:\Windows\system32\mswsock.dll
0x00007ffd68e70000 - 0x00007ffd68e84000 	C:\Program Files\Android\Android Studio\jre\bin\nio.dll
0x00007ffd855a0000 - 0x00007ffd855c7000 	C:\Users\upxol\.gradle\native\fdc75f09e3144964f2cf3f50f0aa648679c211496f362492102eb8c894070792\windows-amd64\native-platform.dll
0x00007ffd67580000 - 0x00007ffd67716000 	C:\Users\upxol\.gradle\native\12488b8bf47d2d4c9fbf2f6322a914ad602e24e48041cd04a747c6da556b65c4\windows-amd64\native-platform-file-events.dll
0x00007ffd7b760000 - 0x00007ffd7b76a000 	C:\Program Files\Android\Android Studio\jre\bin\management.dll
0x00007ffd7a2a0000 - 0x00007ffd7a2ad000 	C:\Program Files\Android\Android Studio\jre\bin\management_ext.dll
0x00007ffdabf40000 - 0x00007ffdabf58000 	C:\Windows\SYSTEM32\CRYPTSP.dll
0x00007ffdab880000 - 0x00007ffdab8b5000 	C:\Windows\system32\rsaenh.dll
0x00007ffdabdf0000 - 0x00007ffdabe19000 	C:\Windows\SYSTEM32\USERENV.dll
0x00007ffdac160000 - 0x00007ffdac187000 	C:\Windows\SYSTEM32\bcrypt.dll
0x00007ffdabf60000 - 0x00007ffdabf6c000 	C:\Windows\SYSTEM32\CRYPTBASE.dll
0x00007ffdab450000 - 0x00007ffdab47d000 	C:\Windows\SYSTEM32\IPHLPAPI.DLL
0x00007ffdadc00000 - 0x00007ffdadc09000 	C:\Windows\System32\NSI.dll
0x00007ffda7a20000 - 0x00007ffda7a39000 	C:\Windows\SYSTEM32\dhcpcsvc6.DLL
0x00007ffda7cc0000 - 0x00007ffda7cde000 	C:\Windows\SYSTEM32\dhcpcsvc.DLL
0x00007ffdab480000 - 0x00007ffdab568000 	C:\Windows\SYSTEM32\DNSAPI.dll
0x00007ffda7a10000 - 0x00007ffda7a1c000 	C:\Windows\SYSTEM32\WINNSI.DLL

dbghelp: loaded successfully - version: 4.0.5 - missing functions: none
symbol engine: initialized successfully - sym options: 0x614 - pdb path: .;C:\Program Files\Android\Android Studio\jre\bin;C:\Windows\SYSTEM32;C:\Windows\WinSxS\amd64_microsoft.windows.common-controls_6595b64144ccf1df_6.0.22000.120_none_9d947278b86cc467;C:\Program Files\Android\Android Studio\jre\bin\server;C:\Users\upxol\.gradle\native\fdc75f09e3144964f2cf3f50f0aa648679c211496f362492102eb8c894070792\windows-amd64;C:\Users\upxol\.gradle\native\12488b8bf47d2d4c9fbf2f6322a914ad602e24e48041cd04a747c6da556b65c4\windows-amd64

VM Arguments:
jvm_args: --add-opens=java.base/java.util=ALL-UNNAMED --add-opens=java.base/java.lang=ALL-UNNAMED --add-opens=java.base/java.lang.invoke=ALL-UNNAMED --add-opens=java.prefs/java.util.prefs=ALL-UNNAMED -Xmx2048m -Dfile.encoding=UTF-8 -Duser.country=GB -Duser.language=en -Duser.variant 
java_command: org.gradle.launcher.daemon.bootstrap.GradleDaemon 6.7.1
java_class_path (initial): C:\Users\upxol\.gradle\wrapper\dists\gradle-6.7.1-bin\bwlcbys1h7rz3272sye1xwiv6\gradle-6.7.1\lib\gradle-launcher-6.7.1.jar
Launcher Type: SUN_STANDARD

[Global flags]
     intx CICompilerCount                          = 4                                         {product} {ergonomic}
     uint ConcGCThreads                            = 3                                         {product} {ergonomic}
     uint G1ConcRefinementThreads                  = 10                                        {product} {ergonomic}
   size_t G1HeapRegionSize                         = 1048576                                   {product} {ergonomic}
    uintx GCDrainStackTargetSize                   = 64                                        {product} {ergonomic}
   size_t InitialHeapSize                          = 257949696                                 {product} {ergonomic}
   size_t MarkStackSize                            = 4194304                                   {product} {ergonomic}
   size_t MaxHeapSize                              = 2147483648                                {product} {command line}
   size_t MaxNewSize                               = 1287651328                                {product} {ergonomic}
   size_t MinHeapDeltaBytes                        = 1048576                                   {product} {ergonomic}
    uintx NonNMethodCodeHeapSize                   = 5836300                                {pd product} {ergonomic}
    uintx NonProfiledCodeHeapSize                  = 122910970                              {pd product} {ergonomic}
    uintx ProfiledCodeHeapSize                     = 122910970                              {pd product} {ergonomic}
    uintx ReservedCodeCacheSize                    = 251658240                              {pd product} {ergonomic}
     bool SegmentedCodeCache                       = true                                      {product} {ergonomic}
     bool UseCompressedClassPointers               = true                                 {lp64_product} {ergonomic}
     bool UseCompressedOops                        = true                                 {lp64_product} {ergonomic}
     bool UseG1GC                                  = true                                      {product} {ergonomic}
     bool UseLargePagesIndividualAllocation        = false                                  {pd product} {ergonomic}

Logging:
Log output configuration:
 #0: stdout all=warning uptime,level,tags
 #1: stderr all=off uptime,level,tags

Environment Variables:
JAVA_HOME=C:\Program Files\OpenJDK\openjdk-11.0.15_10
PATH=C:\Program Files\Python310\Scripts\;C:\Program Files\Python310\;C:\Program Files\Common Files\Oracle\Java\javapath;C:\Windows\system32;C:\Windows;C:\Windows\System32\Wbem;C:\Windows\System32\WindowsPowerShell\v1.0\;C:\Windows\System32\OpenSSH\;C:\Program Files (x86)\NVIDIA Corporation\PhysX\Common;C:\Program Files\NVIDIA Corporation\NVIDIA NvDLISR;C:\Program Files\Microsoft SQL Server\Client SDK\ODBC\170\Tools\Binn\;C:\Program Files\dotnet\;C:\Program Files (x86)\Microsoft SQL Server\150\DTS\Binn\;C:\Program Files\Azure Data Studio\bin;C:\Users\upxol\AppData\Local\Microsoft\WindowsApps;C:\Users\upxol\.dotnet\tools;C:\Users\upxol\OneDrive - nhg.vn\Documents\flutter\bin;C:\Users\upxol\OneDrive - nhg.vn\Documents\flutter;C:\adb;C:\Program Files\Git\cmd;C:\ProgramData\chocolatey\bin;C:\Program Files\nodejs\;C:\Program Files\OpenJDK\openjdk-11.0.15_10\bin;C:\Program Files\Microsoft SQL Server\120\DTS\Binn\;C:\Program Files\Microsoft SQL Server\Client SDK\ODBC\110\Tools\Binn\;C:\Program Files (x86)\Microsoft SQL Server\120\Tools\Binn\;C:\Program Files\Microsoft SQL Server\120\Tools\Binn\;C:\Program Files (x86)\Microsoft SQL Server\120\Tools\Binn\ManagementStudio\;C:\Program Files (x86)\Microsoft SQL Server\120\DTS\Binn\;C:\Users\upxol\AppData\Local\Microsoft\WindowsApps;C:\Users\upxol\.dotnet\tools;C:\Program Files\Azure Data Studio\bin;C:\Users\upxol\OneDrive - nhg.vn\Documents\flutter\bin;C:\Users\upxol\OneDrive - nhg.vn\Documents\flutter;C:\Users\upxol\AppData\Local\GitHubDesktop\bin;C:\Users\upxol\AppData\Local\Programs\Microsoft VS Code\bin;C:\Users\upxol\AppData\Roaming\npm;C:\Users\upxol\AppData\Local\Android\Sdk\platform-tools;
USERNAME=upxol
OS=Windows_NT
PROCESSOR_IDENTIFIER=AMD64 Family 25 Model 80 Stepping 0, AuthenticAMD



---------------  S Y S T E M  ---------------

OS: Windows 11 , 64 bit Build 22000 (10.0.22000.708)
OS uptime: 0 days 3:09 hours
Hyper-V role detected

CPU:total 12 (initial active 12) (12 cores per cpu, 2 threads per core) family 25 model 80 stepping 0 microcode 0x0, cmov, cx8, fxsr, mmx, sse, sse2, sse3, ssse3, sse4.1, sse4.2, popcnt, avx, avx2, aes, clmul, erms, mmxext, 3dnowpref, lzcnt, sse4a, ht, tsc, tscinvbit, tscinv, bmi1, bmi2, adx, sha, fma

Memory: 4k page, system-wide physical 15724M (1547M free)
TotalPageFile size 19820M (AvailPageFile size 31M)
current process WorkingSet (physical memory assigned to process): 528M, peak: 547M
current process commit charge ("private bytes"): 577M, peak: 597M

vm_info: OpenJDK 64-Bit Server VM (11.0.13+0-b1751.21-8125866) for windows-amd64 JRE (11.0.13+0-b1751.21-8125866), built on Feb  2 2022 03:00:22 by "builder" with MS VC++ 14.0 (VS2015)

END.
